"../../../Engine/Plugins/2D/Paper2D/Content/PlaceholderTextures/DummySpriteTexture.ubulk" 0
"../../../Engine/Plugins/2D/Paper2D/Content/PlaceholderTextures/DummySpriteTexture.uasset" 1
"../../../Engine/Plugins/2D/Paper2D/Content/PlaceholderTextures/DummySpriteTexture.uexp" 2
"../../../Engine/Plugins/2D/Paper2D/Content/DummySprite.uasset" 3
"../../../Engine/Plugins/2D/Paper2D/Content/DummySprite.uexp" 4
"../../../Engine/Plugins/2D/Paper2D/Content/DefaultPaperTerrainMaterial.uasset" 5
"../../../Engine/Plugins/2D/Paper2D/Content/DefaultPaperTerrainMaterial.uexp" 6
"../../../Engine/Plugins/Animation/ACLPlugin/Content/ACLAnimCurveCompressionSettings.uasset" 7
"../../../Engine/Plugins/Animation/ACLPlugin/Content/ACLAnimCurveCompressionSettings.uexp" 8
"../../../Engine/Plugins/Animation/ACLPlugin/Content/ACLAnimBoneCompressionSettings.uasset" 9
"../../../Engine/Plugins/Animation/ACLPlugin/Content/ACLAnimBoneCompressionSettings.uexp" 10
"../../../Engine/Content/Animation/DefaultVariableFrameStrippingSettings.uasset" 11
"../../../Engine/Content/Animation/DefaultVariableFrameStrippingSettings.uexp" 12
"../../../Engine/Content/Animation/DefaultRecorderBoneCompression.uasset" 13
"../../../Engine/Content/Animation/DefaultRecorderBoneCompression.uexp" 14
"../../../Engine/Content/EngineSounds/Master.uasset" 15
"../../../Engine/Content/EngineSounds/Master.uexp" 16
"../../../Engine/Content/EngineMaterials/DefaultPhysicalMaterial.uasset" 17
"../../../Engine/Content/EngineMaterials/DefaultPhysicalMaterial.uexp" 18
"../../../Engine/Content/EngineMaterials/DefaultDestructiblePhysicalMaterial.uasset" 19
"../../../Engine/Content/EngineMaterials/DefaultDestructiblePhysicalMaterial.uexp" 20
"../../../Engine/Content/EngineFonts/Faces/DroidSansFallback.uexp" 21
"../../../Engine/Content/EngineFonts/Faces/DroidSansFallback.uasset" 22
"../../../Engine/Content/EngineFonts/Faces/DroidSansFallback.ufont" 23
"../../../Engine/Content/EngineFonts/Faces/RobotoBold.uexp" 24
"../../../Engine/Content/EngineFonts/Faces/RobotoBold.uasset" 25
"../../../Engine/Content/EngineFonts/Faces/RobotoBold.ufont" 26
"../../../Engine/Content/EngineFonts/Faces/RobotoBoldItalic.uexp" 27
"../../../Engine/Content/EngineFonts/Faces/RobotoBoldItalic.uasset" 28
"../../../Engine/Content/EngineFonts/Faces/RobotoBoldItalic.ufont" 29
"../../../Engine/Content/EngineFonts/Faces/RobotoItalic.uexp" 30
"../../../Engine/Content/EngineFonts/Faces/RobotoItalic.uasset" 31
"../../../Engine/Content/EngineFonts/Faces/RobotoItalic.ufont" 32
"../../../Engine/Content/EngineFonts/Faces/RobotoLight.uexp" 33
"../../../Engine/Content/EngineFonts/Faces/RobotoLight.uasset" 34
"../../../Engine/Content/EngineFonts/Faces/RobotoLight.ufont" 35
"../../../Engine/Content/EngineFonts/Faces/RobotoRegular.uexp" 36
"../../../Engine/Content/EngineFonts/Faces/RobotoRegular.uasset" 37
"../../../Engine/Content/EngineFonts/Faces/RobotoRegular.ufont" 38
"../../../Engine/Content/EngineFonts/Roboto.uasset" 39
"../../../Engine/Content/EngineFonts/Roboto.uexp" 40
"../../../Engine/Content/EngineFonts/Faces/DroidSansMono.uexp" 41
"../../../Engine/Content/EngineFonts/Faces/DroidSansMono.uasset" 42
"../../../Engine/Content/EngineFonts/Faces/DroidSansMono.ufont" 43
"../../../Engine/Content/EngineFonts/DroidSansMono.uasset" 44
"../../../Engine/Content/EngineFonts/DroidSansMono.uexp" 45
"../../../Engine/Plugins/Interchange/Runtime/Content/Pipelines/DefaultTexturePipeline.uasset" 46
"../../../Engine/Plugins/Interchange/Runtime/Content/Pipelines/DefaultTexturePipeline.uexp" 47
"../../../Engine/Plugins/Interchange/Runtime/Content/Pipelines/DefaultSceneLevelPipeline.uasset" 48
"../../../Engine/Plugins/Interchange/Runtime/Content/Pipelines/DefaultSceneLevelPipeline.uexp" 49
"../../../Engine/Plugins/Interchange/Runtime/Content/Pipelines/DefaultSceneAssetsPipeline.uasset" 50
"../../../Engine/Plugins/Interchange/Runtime/Content/Pipelines/DefaultSceneAssetsPipeline.uexp" 51
"../../../Engine/Plugins/Interchange/Runtime/Content/Pipelines/DefaultMaterialXPipeline.uasset" 52
"../../../Engine/Plugins/Interchange/Runtime/Content/Pipelines/DefaultMaterialXPipeline.uexp" 53
"../../../Engine/Plugins/Interchange/Runtime/Content/Pipelines/DefaultMaterialPipeline.uasset" 54
"../../../Engine/Plugins/Interchange/Runtime/Content/Pipelines/DefaultMaterialPipeline.uexp" 55
"../../../Engine/Plugins/Interchange/Runtime/Content/Pipelines/DefaultGLTFSceneAssetsPipeline.uasset" 56
"../../../Engine/Plugins/Interchange/Runtime/Content/Pipelines/DefaultGLTFSceneAssetsPipeline.uexp" 57
"../../../Engine/Plugins/Interchange/Runtime/Content/Pipelines/DefaultGLTFPipeline.uasset" 58
"../../../Engine/Plugins/Interchange/Runtime/Content/Pipelines/DefaultGLTFPipeline.uexp" 59
"../../../Engine/Plugins/Interchange/Runtime/Content/Pipelines/DefaultGLTFAssetsPipeline.uasset" 60
"../../../Engine/Plugins/Interchange/Runtime/Content/Pipelines/DefaultGLTFAssetsPipeline.uexp" 61
"../../../Engine/Plugins/Interchange/Runtime/Content/Pipelines/DefaultAssetsPipeline.uasset" 62
"../../../Engine/Plugins/Interchange/Runtime/Content/Pipelines/DefaultAssetsPipeline.uexp" 63
"../../../Engine/Plugins/Animation/ControlRig/Content/Controls/DefaultGizmoLibraryNormalized.uasset" 64
"../../../Engine/Plugins/Animation/ControlRig/Content/Controls/DefaultGizmoLibraryNormalized.uexp" 65
"../../../Engine/Content/MobileResources/HUD/VirtualJoystick_Thumb.uasset" 66
"../../../Engine/Content/MobileResources/HUD/VirtualJoystick_Thumb.uexp" 67
"../../../Engine/Content/MobileResources/HUD/VirtualJoystick_Background.uasset" 68
"../../../Engine/Content/MobileResources/HUD/VirtualJoystick_Background.uexp" 69
"../../../Engine/Content/MobileResources/HUD/DefaultVirtualJoysticks.uasset" 70
"../../../Engine/Content/MobileResources/HUD/DefaultVirtualJoysticks.uexp" 71
"../../../Engine/Content/EngineResources/GradientTexture0.uasset" 72
"../../../Engine/Content/EngineResources/GradientTexture0.uexp" 73
"../../../Engine/Content/EngineResources/Black.uasset" 74
"../../../Engine/Content/EngineResources/Black.uexp" 75
"../../../Engine/Content/EditorResources/S_Actor.ubulk" 76
"../../../Engine/Content/EditorResources/S_Actor.uasset" 77
"../../../Engine/Content/EditorResources/S_Actor.uexp" 78
"../../../Engine/Content/EditorResources/S_Trigger.ubulk" 79
"../../../Engine/Content/EditorResources/S_Trigger.uasset" 80
"../../../Engine/Content/EditorResources/S_Trigger.uexp" 81
"../../../Engine/Content/EditorResources/S_BoxReflectionCapture.uasset" 82
"../../../Engine/Content/EditorResources/S_BoxReflectionCapture.uexp" 83
"../../../Engine/Content/EngineResources/DefaultTexture.ubulk" 84
"../../../Engine/Content/EngineResources/DefaultTexture.uasset" 85
"../../../Engine/Content/EngineResources/DefaultTexture.uexp" 86
"../../../Engine/Content/EditorResources/S_TriggerBox.uasset" 87
"../../../Engine/Content/EditorResources/S_TriggerBox.uexp" 88
"../../../Engine/Content/EditorResources/S_TriggerCapsule.uasset" 89
"../../../Engine/Content/EditorResources/S_TriggerCapsule.uexp" 90
"../../../Engine/Content/EditorResources/S_TriggerSphere.uasset" 91
"../../../Engine/Content/EditorResources/S_TriggerSphere.uexp" 92
"../../../Engine/Content/EngineMeshes/Sphere.ubulk" 93
"../../../Engine/Content/EngineMeshes/Sphere.uasset" 94
"../../../Engine/Content/EngineMeshes/Sphere.uexp" 95
"../../../Engine/Content/EngineResources/DefaultTextureCube.uasset" 96
"../../../Engine/Content/EngineResources/DefaultTextureCube.uexp" 97
"../../../Engine/Content/EngineResources/DefaultVolumeTexture2D.uasset" 98
"../../../Engine/Content/EngineResources/DefaultVolumeTexture2D.uexp" 99
"../../../Engine/Content/EngineResources/DefaultVolumeTexture.uasset" 100
"../../../Engine/Content/EngineResources/DefaultVolumeTexture.uexp" 101
"../../../Engine/Plugins/2D/Paper2D/Content/DefaultSpriteMaterial.uasset" 102
"../../../Engine/Plugins/2D/Paper2D/Content/DefaultSpriteMaterial.uexp" 103
"../../../Engine/Plugins/2D/Paper2D/Content/OpaqueUnlitSpriteMaterial.uasset" 104
"../../../Engine/Plugins/2D/Paper2D/Content/OpaqueUnlitSpriteMaterial.uexp" 105
"../../../Engine/Plugins/2D/Paper2D/Content/MaskedUnlitSpriteMaterial.uasset" 106
"../../../Engine/Plugins/2D/Paper2D/Content/MaskedUnlitSpriteMaterial.uexp" 107
"../../../Engine/Plugins/NNE/NNEDenoiser/Content/NNE_oidn2-3-0_rt_hdr_calb_cnrm_large__dyn__fp16_opset11_ForwardAlpha.uasset" 108
"../../../Engine/Plugins/NNE/NNEDenoiser/Content/NNE_oidn2-3-0_rt_hdr_calb_cnrm_large__dyn__fp16_opset11_ForwardAlpha.uexp" 109
"../../../Engine/Plugins/NNE/NNEDenoiser/Content/NNE_oidn2-3-0_rt_hdr_calb_cnrm_large__dyn__fp16_opset11_DenoiseAlpha.uasset" 110
"../../../Engine/Plugins/NNE/NNEDenoiser/Content/NNE_oidn2-3-0_rt_hdr_calb_cnrm_large__dyn__fp16_opset11_DenoiseAlpha.uexp" 111
"../../../Engine/Plugins/NNE/NNEDenoiser/Content/NNE_oidn2-3-0_rt_hdr_alb_nrm__dyn__fp16_opset11_ForwardAlpha.uasset" 112
"../../../Engine/Plugins/NNE/NNEDenoiser/Content/NNE_oidn2-3-0_rt_hdr_alb_nrm__dyn__fp16_opset11_ForwardAlpha.uexp" 113
"../../../Engine/Plugins/NNE/NNEDenoiser/Content/NNE_oidn2-3-0_rt_hdr_alb_nrm__dyn__fp16_opset11_DenoiseAlpha.uasset" 114
"../../../Engine/Plugins/NNE/NNEDenoiser/Content/NNE_oidn2-3-0_rt_hdr_alb_nrm__dyn__fp16_opset11_DenoiseAlpha.uexp" 115
"../../../Engine/Plugins/NNE/NNEDenoiser/Content/NNE_oidn2-3-0_rt_hdr_alb_nrm_small__dyn__fp16_opset11_ForwardAlpha.uasset" 116
"../../../Engine/Plugins/NNE/NNEDenoiser/Content/NNE_oidn2-3-0_rt_hdr_alb_nrm_small__dyn__fp16_opset11_ForwardAlpha.uexp" 117
"../../../Engine/Plugins/NNE/NNEDenoiser/Content/NNE_oidn2-3-0_rt_hdr_alb_nrm_small__dyn__fp16_opset11_DenoiseAlpha.uasset" 118
"../../../Engine/Plugins/NNE/NNEDenoiser/Content/NNE_oidn2-3-0_rt_hdr_alb_nrm_small__dyn__fp16_opset11_DenoiseAlpha.uexp" 119
"../../../Engine/Plugins/NNE/NNEDenoiser/Content/NNEDTOM_Output_Default.uasset" 120
"../../../Engine/Plugins/NNE/NNEDenoiser/Content/NNEDTOM_Output_Default.uexp" 121
"../../../Engine/Plugins/NNE/NNEDenoiser/Content/NNEDTOM_Output_Alpha.uasset" 122
"../../../Engine/Plugins/NNE/NNEDenoiser/Content/NNEDTOM_Output_Alpha.uexp" 123
"../../../Engine/Plugins/NNE/NNEDenoiser/Content/NNEDTIM_ColorAlbedoNormal_Default.uasset" 124
"../../../Engine/Plugins/NNE/NNEDenoiser/Content/NNEDTIM_ColorAlbedoNormal_Default.uexp" 125
"../../../Engine/Plugins/NNE/NNEDenoiser/Content/NNEDTIM_ColorAlbedoNormal_Alpha.uasset" 126
"../../../Engine/Plugins/NNE/NNEDenoiser/Content/NNEDTIM_ColorAlbedoNormal_Alpha.uexp" 127
"../../../Engine/Plugins/NNE/NNEDenoiser/Content/NNEDOM_Output_Default.uasset" 128
"../../../Engine/Plugins/NNE/NNEDenoiser/Content/NNEDOM_Output_Default.uexp" 129
"../../../Engine/Plugins/NNE/NNEDenoiser/Content/NNEDOM_Output_Alpha.uasset" 130
"../../../Engine/Plugins/NNE/NNEDenoiser/Content/NNEDOM_Output_Alpha.uexp" 131
"../../../Engine/Plugins/NNE/NNEDenoiser/Content/NNEDIM_HighQuality_Default.uasset" 132
"../../../Engine/Plugins/NNE/NNEDenoiser/Content/NNEDIM_HighQuality_Default.uexp" 133
"../../../Engine/Plugins/NNE/NNEDenoiser/Content/NNEDIM_HighQuality_Alpha.uasset" 134
"../../../Engine/Plugins/NNE/NNEDenoiser/Content/NNEDIM_HighQuality_Alpha.uexp" 135
"../../../Engine/Plugins/NNE/NNEDenoiser/Content/NNEDIM_ColorAlbedoNormal_Default.uasset" 136
"../../../Engine/Plugins/NNE/NNEDenoiser/Content/NNEDIM_ColorAlbedoNormal_Default.uexp" 137
"../../../Engine/Plugins/NNE/NNEDenoiser/Content/NNEDIM_ColorAlbedoNormal_Alpha.uasset" 138
"../../../Engine/Plugins/NNE/NNEDenoiser/Content/NNEDIM_ColorAlbedoNormal_Alpha.uexp" 139
"../../../Engine/Content/EngineMaterials/T_Default_Material_Grid_M.ubulk" 140
"../../../Engine/Content/EngineMaterials/T_Default_Material_Grid_M.uasset" 141
"../../../Engine/Content/EngineMaterials/T_Default_Material_Grid_M.uexp" 142
"../../../Engine/Content/Functions/Engine_MaterialFunctions01/Opacity/CameraDepthFade.uasset" 143
"../../../Engine/Content/Functions/Engine_MaterialFunctions01/Opacity/CameraDepthFade.uexp" 144
"../../../Engine/Content/EngineMaterials/T_Default_Material_Grid_N.ubulk" 145
"../../../Engine/Content/EngineMaterials/T_Default_Material_Grid_N.uasset" 146
"../../../Engine/Content/EngineMaterials/T_Default_Material_Grid_N.uexp" 147
"../../../Engine/Content/EngineMaterials/WorldGridMaterial.uasset" 148
"../../../Engine/Content/EngineMaterials/WorldGridMaterial.uexp" 149
"../../../Engine/Plugins/Media/MediaPlate/Content/SM_MediaPlateScreen.ubulk" 150
"../../../Engine/Plugins/Media/MediaPlate/Content/SM_MediaPlateScreen.uasset" 151
"../../../Engine/Plugins/Media/MediaPlate/Content/SM_MediaPlateScreen.uexp" 152
"../../../Engine/Content/Functions/Engine_MaterialFunctions02/WorldPositionOffset/CameraOffset.uasset" 153
"../../../Engine/Content/Functions/Engine_MaterialFunctions02/WorldPositionOffset/CameraOffset.uexp" 154
"../../../Engine/Plugins/Animation/ControlRig/Content/M_Manip.uasset" 155
"../../../Engine/Plugins/Animation/ControlRig/Content/M_Manip.uexp" 156
"../../../Engine/Content/EditorLandscapeResources/SplineEditorMeshMat.uasset" 157
"../../../Engine/Content/EditorLandscapeResources/SplineEditorMeshMat.uexp" 158
"../../../Engine/Content/EditorLandscapeResources/SplineEditorMesh.ubulk" 159
"../../../Engine/Content/EditorLandscapeResources/SplineEditorMesh.uasset" 160
"../../../Engine/Content/EditorLandscapeResources/SplineEditorMesh.uexp" 161
"../../../Engine/Content/EditorLandscapeResources/WhiteSquareTexture.uasset" 162
"../../../Engine/Content/EditorLandscapeResources/WhiteSquareTexture.uexp" 163
"../../../Engine/Content/EditorLandscapeResources/DefaultAlphaTexture.uasset" 164
"../../../Engine/Content/EditorLandscapeResources/DefaultAlphaTexture.uexp" 165
"../../../Engine/Content/Functions/Engine_MaterialFunctions03/Math/WithinRangeFloat2.uasset" 166
"../../../Engine/Content/Functions/Engine_MaterialFunctions03/Math/WithinRangeFloat2.uexp" 167
"../../../Engine/Content/EditorLandscapeResources/SelectBrushMaterial.uasset" 168
"../../../Engine/Content/EditorLandscapeResources/SelectBrushMaterial.uexp" 169
"../../../Engine/Content/EditorLandscapeResources/SelectBrushMaterial_SelectedRegion.uasset" 170
"../../../Engine/Content/EditorLandscapeResources/SelectBrushMaterial_SelectedRegion.uexp" 171
"../../../Engine/Content/EditorLandscapeResources/SelectBrushMaterial_Selected.uasset" 172
"../../../Engine/Content/EditorLandscapeResources/SelectBrushMaterial_Selected.uexp" 173
"../../../Engine/Content/Functions/Engine_MaterialFunctions02/Utility/MakeFloat3.uasset" 174
"../../../Engine/Content/Functions/Engine_MaterialFunctions02/Utility/MakeFloat3.uexp" 175
"../../../Engine/Content/EditorLandscapeResources/MaskBrushMaterial.uasset" 176
"../../../Engine/Content/EditorLandscapeResources/MaskBrushMaterial.uexp" 177
"../../../Engine/Content/EditorLandscapeResources/MaskBrushMaterial_MaskedRegion.uasset" 178
"../../../Engine/Content/EditorLandscapeResources/MaskBrushMaterial_MaskedRegion.uexp" 179
"../../../Engine/Content/EditorLandscapeResources/LayerVisMaterial.uasset" 180
"../../../Engine/Content/EditorLandscapeResources/LayerVisMaterial.uexp" 181
"../../../Engine/Content/Functions/Engine_MaterialFunctions02/Utility/BreakOutFloat2Components.uasset" 182
"../../../Engine/Content/Functions/Engine_MaterialFunctions02/Utility/BreakOutFloat2Components.uexp" 183
"../../../Engine/Content/Functions/Engine_MaterialFunctions01/Texturing/ScaleUVsByCenter.uasset" 184
"../../../Engine/Content/Functions/Engine_MaterialFunctions01/Texturing/ScaleUVsByCenter.uexp" 185
"../../../Engine/Content/Functions/Engine_MaterialFunctions02/WorldPositionOffset/LocalPosition.uasset" 186
"../../../Engine/Content/Functions/Engine_MaterialFunctions02/WorldPositionOffset/LocalPosition.uexp" 187
"../../../Engine/Content/EngineMaterials/DefaultDiffuse.ubulk" 188
"../../../Engine/Content/EngineMaterials/DefaultDiffuse.uasset" 189
"../../../Engine/Content/EngineMaterials/DefaultDiffuse.uexp" 190
"../../../Engine/Content/Functions/Engine_MaterialFunctions01/Texturing/TextureCropping.uasset" 191
"../../../Engine/Content/Functions/Engine_MaterialFunctions01/Texturing/TextureCropping.uexp" 192
"../../../Engine/Content/Functions/Engine_MaterialFunctions02/ExampleContent/DebugNumberStrip.uasset" 193
"../../../Engine/Content/Functions/Engine_MaterialFunctions02/ExampleContent/DebugNumberStrip.uexp" 194
"../../../Engine/Content/Functions/Engine_MaterialFunctions01/Debug/DebugIntValues.uasset" 195
"../../../Engine/Content/Functions/Engine_MaterialFunctions01/Debug/DebugIntValues.uexp" 196
"../../../Engine/Content/EditorLandscapeResources/LandscapeLayerUsageMaterial.uasset" 197
"../../../Engine/Content/EditorLandscapeResources/LandscapeLayerUsageMaterial.uexp" 198
"../../../Engine/Content/EditorLandscapeResources/LandscapeDirtyMaterial.uasset" 199
"../../../Engine/Content/EditorLandscapeResources/LandscapeDirtyMaterial.uexp" 200
"../../../Engine/Content/EditorLandscapeResources/ColorMaskBrushMaterial.uasset" 201
"../../../Engine/Content/EditorLandscapeResources/ColorMaskBrushMaterial.uexp" 202
"../../../Engine/Content/EditorLandscapeResources/ColorMaskBrushMaterial_MaskedRegion.uasset" 203
"../../../Engine/Content/EditorLandscapeResources/ColorMaskBrushMaterial_MaskedRegion.uexp" 204
"../../../Engine/Content/EngineMaterials/DefaultMaterial.uasset" 205
"../../../Engine/Content/EngineMaterials/DefaultMaterial.uexp" 206
"../../../Engine/Content/BasicShapes/Cylinder.ubulk" 207
"../../../Engine/Content/BasicShapes/Cylinder.uasset" 208
"../../../Engine/Content/BasicShapes/Cylinder.uexp" 209
"../../../Engine/Content/BasicShapes/Cube.ubulk" 210
"../../../Engine/Content/BasicShapes/Cube.uasset" 211
"../../../Engine/Content/BasicShapes/Cube.uexp" 212
"../../../Engine/Content/EngineResources/WhiteSquareTexture.uasset" 213
"../../../Engine/Content/EngineResources/WhiteSquareTexture.uexp" 214
"../../../Engine/Content/EngineMaterials/Widget3DPassThrough.uasset" 215
"../../../Engine/Content/EngineMaterials/Widget3DPassThrough.uexp" 216
"../../../Engine/Content/EngineMaterials/Widget3DPassThrough_Translucent.uasset" 217
"../../../Engine/Content/EngineMaterials/Widget3DPassThrough_Translucent.uexp" 218
"../../../Engine/Content/EngineMaterials/Widget3DPassThrough_Translucent_OneSided.uasset" 219
"../../../Engine/Content/EngineMaterials/Widget3DPassThrough_Translucent_OneSided.uexp" 220
"../../../Engine/Content/EngineMaterials/Widget3DPassThrough_Opaque.uasset" 221
"../../../Engine/Content/EngineMaterials/Widget3DPassThrough_Opaque.uexp" 222
"../../../Engine/Content/EngineMaterials/Widget3DPassThrough_Opaque_OneSided.uasset" 223
"../../../Engine/Content/EngineMaterials/Widget3DPassThrough_Opaque_OneSided.uexp" 224
"../../../Engine/Content/EngineMaterials/Widget3DPassThrough_Masked_OneSided.uasset" 225
"../../../Engine/Content/EngineMaterials/Widget3DPassThrough_Masked_OneSided.uexp" 226
"../../../Engine/Content/EngineMaterials/Widget3DPassThrough_Masked.uasset" 227
"../../../Engine/Content/EngineMaterials/Widget3DPassThrough_Masked.uexp" 228
"../../../Engine/Content/EngineMaterials/WeightMapPlaceholderTexture.uasset" 229
"../../../Engine/Content/EngineMaterials/WeightMapPlaceholderTexture.uexp" 230
"../../../Engine/Content/EngineMaterials/WeightMapArrayPlaceholderTexture.uasset" 231
"../../../Engine/Content/EngineMaterials/WeightMapArrayPlaceholderTexture.uexp" 232
"../../../Engine/Content/EngineMaterials/RemoveSurfaceMaterial.uasset" 233
"../../../Engine/Content/EngineMaterials/RemoveSurfaceMaterial.uexp" 234
"../../../Engine/Content/EngineMaterials/PreintegratedSkinBRDF.uasset" 235
"../../../Engine/Content/EngineMaterials/PreintegratedSkinBRDF.uexp" 236
"../../../Engine/Content/EngineMaterials/DefaultCalibrationGrayscale.uasset" 237
"../../../Engine/Content/EngineMaterials/DefaultCalibrationGrayscale.uexp" 238
"../../../Engine/Content/EngineMaterials/PPM_DefaultCalibrationGrayscale.uasset" 239
"../../../Engine/Content/EngineMaterials/PPM_DefaultCalibrationGrayscale.uexp" 240
"../../../Engine/Content/EngineMaterials/DefaultCalibrationColor.uasset" 241
"../../../Engine/Content/EngineMaterials/DefaultCalibrationColor.uexp" 242
"../../../Engine/Content/EngineMaterials/PPM_DefaultCalibrationColor.uasset" 243
"../../../Engine/Content/EngineMaterials/PPM_DefaultCalibrationColor.uexp" 244
"../../../Engine/Content/EngineMaterials/PhAT_JointLimitMaterial.uasset" 245
"../../../Engine/Content/EngineMaterials/PhAT_JointLimitMaterial.uexp" 246
"../../../Engine/Content/EngineMaterials/NaniteHiddenSectionMaterial.uasset" 247
"../../../Engine/Content/EngineMaterials/NaniteHiddenSectionMaterial.uexp" 248
"../../../Engine/Content/EngineMaterials/InvalidLightmapSettings.ubulk" 249
"../../../Engine/Content/EngineMaterials/InvalidLightmapSettings.uasset" 250
"../../../Engine/Content/EngineMaterials/InvalidLightmapSettings.uexp" 251
"../../../Engine/Content/EngineMaterials/M_InvalidLightmapSettings.uasset" 252
"../../../Engine/Content/EngineMaterials/M_InvalidLightmapSettings.uexp" 253
"../../../Engine/Content/EngineMaterials/MiniFont.uasset" 254
"../../../Engine/Content/EngineMaterials/MiniFont.uexp" 255
"../../../Engine/Content/EngineMaterials/GizmoMaterial.uasset" 256
"../../../Engine/Content/EngineMaterials/GizmoMaterial.uexp" 257
"../../../Engine/Content/EngineMaterials/BaseFlattenDiffuseMap_VT.ubulk" 258
"../../../Engine/Content/EngineMaterials/BaseFlattenDiffuseMap_VT.uasset" 259
"../../../Engine/Content/EngineMaterials/BaseFlattenDiffuseMap_VT.uexp" 260
"../../../Engine/Content/EngineMaterials/BaseFlattenEmissiveMap_VT.ubulk" 261
"../../../Engine/Content/EngineMaterials/BaseFlattenEmissiveMap_VT.uasset" 262
"../../../Engine/Content/EngineMaterials/BaseFlattenEmissiveMap_VT.uexp" 263
"../../../Engine/Content/EngineMaterials/BaseFlattenGrayscaleMap_VT.ubulk" 264
"../../../Engine/Content/EngineMaterials/BaseFlattenGrayscaleMap_VT.uasset" 265
"../../../Engine/Content/EngineMaterials/BaseFlattenGrayscaleMap_VT.uexp" 266
"../../../Engine/Content/EngineMaterials/BaseFlattenLinearColor_VT.ubulk" 267
"../../../Engine/Content/EngineMaterials/BaseFlattenLinearColor_VT.uasset" 268
"../../../Engine/Content/EngineMaterials/BaseFlattenLinearColor_VT.uexp" 269
"../../../Engine/Content/EngineMaterials/BaseFlattenNormalMap_VT.ubulk" 270
"../../../Engine/Content/EngineMaterials/BaseFlattenNormalMap_VT.uasset" 271
"../../../Engine/Content/EngineMaterials/BaseFlattenNormalMap_VT.uexp" 272
"../../../Engine/Content/EngineMaterials/Black_1x1_EXR_Texture_VT.ubulk" 273
"../../../Engine/Content/EngineMaterials/Black_1x1_EXR_Texture_VT.uasset" 274
"../../../Engine/Content/EngineMaterials/Black_1x1_EXR_Texture_VT.uexp" 275
"../../../Engine/Content/EngineMaterials/FlattenMaterial_WS_Normal_VT.uasset" 276
"../../../Engine/Content/EngineMaterials/FlattenMaterial_WS_Normal_VT.uexp" 277
"../../../Engine/Content/EngineMaterials/FlattenMaterial_VT.uasset" 278
"../../../Engine/Content/EngineMaterials/FlattenMaterial_VT.uexp" 279
"../../../Engine/Content/EngineMaterials/BaseFlattenNormalMap.uasset" 280
"../../../Engine/Content/EngineMaterials/BaseFlattenNormalMap.uexp" 281
"../../../Engine/Content/EngineMaterials/BaseFlattenDiffuseMap.uasset" 282
"../../../Engine/Content/EngineMaterials/BaseFlattenDiffuseMap.uexp" 283
"../../../Engine/Content/EngineMaterials/BaseFlattenEmissiveMap.uasset" 284
"../../../Engine/Content/EngineMaterials/BaseFlattenEmissiveMap.uexp" 285
"../../../Engine/Content/EngineMaterials/BaseFlattenGrayscaleMap.uasset" 286
"../../../Engine/Content/EngineMaterials/BaseFlattenGrayscaleMap.uexp" 287
"../../../Engine/Content/EngineMaterials/BaseFlattenLinearColor.uasset" 288
"../../../Engine/Content/EngineMaterials/BaseFlattenLinearColor.uexp" 289
"../../../Engine/Content/Functions/Engine_MaterialFunctions02/PivotPainter2/Black_1x1_EXR_Texture.uasset" 290
"../../../Engine/Content/Functions/Engine_MaterialFunctions02/PivotPainter2/Black_1x1_EXR_Texture.uexp" 291
"../../../Engine/Content/EngineMaterials/FlattenMaterial.uasset" 292
"../../../Engine/Content/EngineMaterials/FlattenMaterial.uexp" 293
"../../../Engine/Content/EngineMaterials/FastBlueNoise_vec2_128x128x64.uasset" 294
"../../../Engine/Content/EngineMaterials/FastBlueNoise_vec2_128x128x64.uexp" 295
"../../../Engine/Content/EngineMaterials/FastBlueNoise_scalar_128x128x8.uasset" 296
"../../../Engine/Content/EngineMaterials/FastBlueNoise_scalar_128x128x8.uexp" 297
"../../../Engine/Content/EngineMaterials/FastBlueNoise_scalar_128x128x64.uasset" 298
"../../../Engine/Content/EngineMaterials/FastBlueNoise_scalar_128x128x64.uexp" 299
"../../../Engine/Content/EngineMaterials/DefaultWhiteGrid_Low.uasset" 300
"../../../Engine/Content/EngineMaterials/DefaultWhiteGrid_Low.uexp" 301
"../../../Engine/Content/EngineMaterials/EmissiveMeshMaterial.uasset" 302
"../../../Engine/Content/EngineMaterials/EmissiveMeshMaterial.uexp" 303
"../../../Engine/Content/EngineMaterials/DefaultWhiteGrid.ubulk" 304
"../../../Engine/Content/EngineMaterials/DefaultWhiteGrid.uasset" 305
"../../../Engine/Content/EngineMaterials/DefaultWhiteGrid.uexp" 306
"../../../Engine/Content/EngineFonts/RobotoDistanceField.uasset" 307
"../../../Engine/Content/EngineFonts/RobotoDistanceField.uexp" 308
"../../../Engine/Content/EngineMaterials/DefaultTextMaterialOpaque.uasset" 309
"../../../Engine/Content/EngineMaterials/DefaultTextMaterialOpaque.uexp" 310
"../../../Engine/Content/EngineMaterials/DefaultPostProcessMaterial.uasset" 311
"../../../Engine/Content/EngineMaterials/DefaultPostProcessMaterial.uexp" 312
"../../../Engine/Content/EngineMaterials/DefaultLightFunctionMaterial.uasset" 313
"../../../Engine/Content/EngineMaterials/DefaultLightFunctionMaterial.uexp" 314
"../../../Engine/Content/EngineMaterials/DefaultDeferredDecalMaterial.uasset" 315
"../../../Engine/Content/EngineMaterials/DefaultDeferredDecalMaterial.uexp" 316
"../../../Engine/Content/EngineMaterials/DefaultBokeh.uasset" 317
"../../../Engine/Content/EngineMaterials/DefaultBokeh.uexp" 318
"../../../Engine/Content/EngineMaterials/DefaultBloomKernel.uasset" 319
"../../../Engine/Content/EngineMaterials/DefaultBloomKernel.uexp" 320
"../../../Engine/Content/Functions/Engine_MaterialFunctions02/Utility/CameraDirectionVector.uasset" 321
"../../../Engine/Content/Functions/Engine_MaterialFunctions02/Utility/CameraDirectionVector.uexp" 322
"../../../Engine/Content/EngineDebugMaterials/VolumeToRender.uasset" 323
"../../../Engine/Content/EngineDebugMaterials/VolumeToRender.uexp" 324
"../../../Engine/Content/EngineDebugMaterials/M_VolumeRenderSphereTracePP.uasset" 325
"../../../Engine/Content/EngineDebugMaterials/M_VolumeRenderSphereTracePP.uexp" 326
"../../../Engine/Content/EngineDebugMaterials/M_SimpleUnlitTranslucent.uasset" 327
"../../../Engine/Content/EngineDebugMaterials/M_SimpleUnlitTranslucent.uexp" 328
"../../../Engine/Content/EngineDebugMaterials/DebugMeshMaterial.uasset" 329
"../../../Engine/Content/EngineDebugMaterials/DebugMeshMaterial.uexp" 330
"../../../Engine/Content/EngineDebugMaterials/DebugEditorMaterial.uasset" 331
"../../../Engine/Content/EngineDebugMaterials/DebugEditorMaterial.uexp" 332
"../../../Engine/Content/EngineDamageTypes/DmgTypeBP_Environmental.uasset" 333
"../../../Engine/Content/EngineDamageTypes/DmgTypeBP_Environmental.uexp" 334
"../../../Engine/Content/EditorResources/S_Terrain.ubulk" 335
"../../../Engine/Content/EditorResources/S_Terrain.uasset" 336
"../../../Engine/Content/EditorResources/S_Terrain.uexp" 337
"../../../Engine/Content/EditorResources/S_Solver.ubulk" 338
"../../../Engine/Content/EditorResources/S_Solver.uasset" 339
"../../../Engine/Content/EditorResources/S_Solver.uexp" 340
"../../../Engine/Content/EditorResources/BSPVertex.uasset" 341
"../../../Engine/Content/EditorResources/BSPVertex.uexp" 342
"../../../Engine/Content/EditorMaterials/PreviewShadowIndicator.ubulk" 343
"../../../Engine/Content/EditorMaterials/PreviewShadowIndicator.uasset" 344
"../../../Engine/Content/EditorMaterials/PreviewShadowIndicator.uexp" 345
"../../../Engine/Content/EditorMaterials/PreviewShadowIndicatorMaterial.uasset" 346
"../../../Engine/Content/EditorMaterials/PreviewShadowIndicatorMaterial.uexp" 347
"../../../Engine/Content/EditorMaterials/PhAT_UnselectedMaterial.uasset" 348
"../../../Engine/Content/EditorMaterials/PhAT_UnselectedMaterial.uexp" 349
"../../../Engine/Content/EditorMaterials/PhAT_NoCollisionMaterial.uasset" 350
"../../../Engine/Content/EditorMaterials/PhAT_NoCollisionMaterial.uexp" 351
"../../../Engine/Plugins/VirtualProduction/CameraCalibrationCore/Content/Materials/M_DefaultOddSquare.uasset" 352
"../../../Engine/Plugins/VirtualProduction/CameraCalibrationCore/Content/Materials/M_DefaultOddSquare.uexp" 353
"../../../Engine/Plugins/VirtualProduction/CameraCalibrationCore/Content/Materials/M_DefaultEvenSquare.uasset" 354
"../../../Engine/Plugins/VirtualProduction/CameraCalibrationCore/Content/Materials/M_DefaultEvenSquare.uexp" 355
"../../../Engine/Plugins/Runtime/HairStrands/Content/Materials/HairMeshesDefaultMaterial.uasset" 356
"../../../Engine/Plugins/Runtime/HairStrands/Content/Materials/HairMeshesDefaultMaterial.uexp" 357
"../../../Engine/Plugins/Runtime/HairStrands/Content/Materials/HairDefaultMaterial.uasset" 358
"../../../Engine/Plugins/Runtime/HairStrands/Content/Materials/HairDefaultMaterial.uexp" 359
"../../../Engine/Content/Functions/Engine_MaterialFunctions02/Utility/MakeFloat2.uasset" 360
"../../../Engine/Content/Functions/Engine_MaterialFunctions02/Utility/MakeFloat2.uexp" 361
"../../../Engine/Content/EngineMaterials/HairDebugColor.uasset" 362
"../../../Engine/Content/EngineMaterials/HairDebugColor.uexp" 363
"../../../Engine/Content/EngineMaterials/HairColorMap.uasset" 364
"../../../Engine/Content/EngineMaterials/HairColorMap.uexp" 365
"../../../Engine/Plugins/Runtime/HairStrands/Content/Materials/HairGroupColors.uasset" 366
"../../../Engine/Plugins/Runtime/HairStrands/Content/Materials/HairGroupColors.uexp" 367
"../../../Engine/Plugins/Runtime/HairStrands/Content/Materials/HairDebugMaterial.uasset" 368
"../../../Engine/Plugins/Runtime/HairStrands/Content/Materials/HairDebugMaterial.uexp" 369
"../../../Engine/Plugins/Runtime/HairStrands/Content/Materials/HairCardsDefaultMaterial.uasset" 370
"../../../Engine/Plugins/Runtime/HairStrands/Content/Materials/HairCardsDefaultMaterial.uexp" 371
"../../../Engine/Plugins/Runtime/AudioWidgets/Content/Resources/ScrubHandleDown_Clamped.uasset" 372
"../../../Engine/Plugins/Runtime/AudioWidgets/Content/Resources/ScrubHandleDown_Clamped.uexp" 373
"../../../Engine/Plugins/Interchange/Assets/Content/Functions/MX_UsdPreviewSurface.uasset" 374
"../../../Engine/Plugins/Interchange/Assets/Content/Functions/MX_UsdPreviewSurface.uexp" 375
"../../../Engine/Plugins/Interchange/Assets/Content/Functions/MX_UniformEDF.uasset" 376
"../../../Engine/Plugins/Interchange/Assets/Content/Functions/MX_UniformEDF.uexp" 377
"../../../Engine/Plugins/Interchange/Assets/Content/Functions/MX_TranslucentBSDF.uasset" 378
"../../../Engine/Plugins/Interchange/Assets/Content/Functions/MX_TranslucentBSDF.uexp" 379
"../../../Engine/Plugins/Interchange/Assets/Content/Functions/MX_ThinFilmBSDF.uasset" 380
"../../../Engine/Plugins/Interchange/Assets/Content/Functions/MX_ThinFilmBSDF.uexp" 381
"../../../Engine/Plugins/Interchange/Assets/Content/Functions/MX_SurfaceUnlit.uasset" 382
"../../../Engine/Plugins/Interchange/Assets/Content/Functions/MX_SurfaceUnlit.uexp" 383
"../../../Engine/Plugins/Interchange/Assets/Content/Functions/MX_Surface.uasset" 384
"../../../Engine/Plugins/Interchange/Assets/Content/Functions/MX_Surface.uexp" 385
"../../../Engine/Plugins/Interchange/Assets/Content/Functions/MX_SubsurfaceBSDF.uasset" 386
"../../../Engine/Plugins/Interchange/Assets/Content/Functions/MX_SubsurfaceBSDF.uexp" 387
"../../../Engine/Plugins/Interchange/Assets/Content/Functions/MX_SheenBSDF.uasset" 388
"../../../Engine/Plugins/Interchange/Assets/Content/Functions/MX_SheenBSDF.uexp" 389
"../../../Engine/Plugins/Interchange/Assets/Content/Functions/MX_OrenNayarBSDF.uasset" 390
"../../../Engine/Plugins/Interchange/Assets/Content/Functions/MX_OrenNayarBSDF.uexp" 391
"../../../Engine/Plugins/Interchange/Assets/Content/Functions/MF_IridescenceNoLUT.uasset" 392
"../../../Engine/Plugins/Interchange/Assets/Content/Functions/MF_IridescenceNoLUT.uexp" 393
"../../../Engine/Plugins/Interchange/Assets/Content/Functions/MX_StandardSurface.uasset" 394
"../../../Engine/Plugins/Interchange/Assets/Content/Functions/MX_StandardSurface.uexp" 395
"../../../Engine/Plugins/Interchange/Assets/Content/Functions/MX_TransmissionSurface.uasset" 396
"../../../Engine/Plugins/Interchange/Assets/Content/Functions/MX_TransmissionSurface.uexp" 397
"../../../Engine/Plugins/Interchange/Assets/Content/Functions/MX_OpenPBR_Translucent.uasset" 398
"../../../Engine/Plugins/Interchange/Assets/Content/Functions/MX_OpenPBR_Translucent.uexp" 399
"../../../Engine/Plugins/Interchange/Assets/Content/Functions/MX_OpenPBR_Opaque.uasset" 400
"../../../Engine/Plugins/Interchange/Assets/Content/Functions/MX_OpenPBR_Opaque.uexp" 401
"../../../Engine/Plugins/Interchange/Assets/Content/Functions/MX_MeasuredEDF.uasset" 402
"../../../Engine/Plugins/Interchange/Assets/Content/Functions/MX_MeasuredEDF.uexp" 403
"../../../Engine/Plugins/Interchange/Assets/Content/Functions/MX_GeneralizedSchlickBSDF.uasset" 404
"../../../Engine/Plugins/Interchange/Assets/Content/Functions/MX_GeneralizedSchlickBSDF.uexp" 405
"../../../Engine/Plugins/Interchange/Assets/Content/Functions/MX_Displacement.uasset" 406
"../../../Engine/Plugins/Interchange/Assets/Content/Functions/MX_Displacement.uexp" 407
"../../../Engine/Plugins/Interchange/Assets/Content/Functions/MX_DielectricBSDF.uasset" 408
"../../../Engine/Plugins/Interchange/Assets/Content/Functions/MX_DielectricBSDF.uexp" 409
"../../../Engine/Plugins/Interchange/Assets/Content/Functions/MX_ConicalEDF.uasset" 410
"../../../Engine/Plugins/Interchange/Assets/Content/Functions/MX_ConicalEDF.uexp" 411
"../../../Engine/Plugins/Interchange/Assets/Content/Functions/MX_ConductorBSDF.uasset" 412
"../../../Engine/Plugins/Interchange/Assets/Content/Functions/MX_ConductorBSDF.uexp" 413
"../../../Engine/Plugins/Interchange/Assets/Content/Functions/MX_BurleyDiffuseBSDF.uasset" 414
"../../../Engine/Plugins/Interchange/Assets/Content/Functions/MX_BurleyDiffuseBSDF.uexp" 415
"../../../Engine/Plugins/Interchange/Assets/Content/Functions/MX_AnisotropicVDF.uasset" 416
"../../../Engine/Plugins/Interchange/Assets/Content/Functions/MX_AnisotropicVDF.uexp" 417
"../../../Engine/Plugins/Interchange/Assets/Content/Functions/MX_AbsorptionVDF.uasset" 418
"../../../Engine/Plugins/Interchange/Assets/Content/Functions/MX_AbsorptionVDF.uexp" 419
"../../../Engine/Content/Functions/Engine_MaterialFunctions02/Utility/VectorLength.uasset" 420
"../../../Engine/Content/Functions/Engine_MaterialFunctions02/Utility/VectorLength.uexp" 421
"../../../Engine/Content/Functions/Engine_MaterialFunctions02/WorldPositionOffset/ObjectScale.uasset" 422
"../../../Engine/Content/Functions/Engine_MaterialFunctions02/WorldPositionOffset/ObjectScale.uexp" 423
"../../../Engine/Content/Functions/Engine_MaterialFunctions02/Utility/BreakOutFloat3Components.uasset" 424
"../../../Engine/Content/Functions/Engine_MaterialFunctions02/Utility/BreakOutFloat3Components.uexp" 425
"../../../Engine/Content/Functions/Engine_MaterialFunctions02/SafeNormalize.uasset" 426
"../../../Engine/Content/Functions/Engine_MaterialFunctions02/SafeNormalize.uexp" 427
"../../../Engine/Plugins/Editor/SpeedTreeImporter/Content/SpeedTree9/UnpackInteger3.uasset" 428
"../../../Engine/Plugins/Editor/SpeedTreeImporter/Content/SpeedTree9/UnpackInteger3.uexp" 429
"../../../Engine/Plugins/Editor/SpeedTreeImporter/Content/SpeedTree9/UnpackDirection.uasset" 430
"../../../Engine/Plugins/Editor/SpeedTreeImporter/Content/SpeedTree9/UnpackDirection.uexp" 431
"../../../Engine/Plugins/Editor/SpeedTreeImporter/Content/SpeedTree9/game_wind_noise.ubulk" 432
"../../../Engine/Plugins/Editor/SpeedTreeImporter/Content/SpeedTree9/game_wind_noise.uasset" 433
"../../../Engine/Plugins/Editor/SpeedTreeImporter/Content/SpeedTree9/game_wind_noise.uexp" 434
"../../../Engine/Plugins/Editor/SpeedTreeImporter/Content/SpeedTree9/SpeedTreeWindMotion.uasset" 435
"../../../Engine/Plugins/Editor/SpeedTreeImporter/Content/SpeedTree9/SpeedTreeWindMotion.uexp" 436
"../../../Engine/Plugins/Editor/SpeedTreeImporter/Content/SpeedTree9/SpeedTreeBranchMotion.uasset" 437
"../../../Engine/Plugins/Editor/SpeedTreeImporter/Content/SpeedTree9/SpeedTreeBranchMotion.uexp" 438
"../../../Engine/Content/Functions/Engine_MaterialFunctions02/ObjectLocalBounds.uasset" 439
"../../../Engine/Content/Functions/Engine_MaterialFunctions02/ObjectLocalBounds.uexp" 440
"../../../Engine/Content/Functions/Engine_MaterialFunctions02/UVs/BoundingBoxBased_0-1_UVW.uasset" 441
"../../../Engine/Content/Functions/Engine_MaterialFunctions02/UVs/BoundingBoxBased_0-1_UVW.uexp" 442
"../../../Engine/Plugins/Editor/SpeedTreeImporter/Content/SpeedTree9/SpeedTreeWind.uasset" 443
"../../../Engine/Plugins/Editor/SpeedTreeImporter/Content/SpeedTree9/SpeedTreeWind.uexp" 444
"../../../Engine/Plugins/Editor/SpeedTreeImporter/Content/SpeedTree9/SpeedTreeCameraFacing.uasset" 445
"../../../Engine/Plugins/Editor/SpeedTreeImporter/Content/SpeedTree9/SpeedTreeCameraFacing.uexp" 446
"../../../Engine/Plugins/Editor/SpeedTreeImporter/Content/SpeedTree9/EmptyNormal.uasset" 447
"../../../Engine/Plugins/Editor/SpeedTreeImporter/Content/SpeedTree9/EmptyNormal.uexp" 448
"../../../Engine/Plugins/Editor/SpeedTreeImporter/Content/SpeedTree9/Empty.uasset" 449
"../../../Engine/Plugins/Editor/SpeedTreeImporter/Content/SpeedTree9/Empty.uexp" 450
"../../../Engine/Plugins/Editor/SpeedTreeImporter/Content/SpeedTree9/SpeedTreeMaster.uasset" 451
"../../../Engine/Plugins/Editor/SpeedTreeImporter/Content/SpeedTree9/SpeedTreeMaster.uexp" 452
"../../../Engine/Plugins/Editor/SpeedTreeImporter/Content/SpeedTree9/SpeedTreeBillboard.uasset" 453
"../../../Engine/Plugins/Editor/SpeedTreeImporter/Content/SpeedTree9/SpeedTreeBillboard.uexp" 454
"../../../Engine/Plugins/Editor/SpeedTreeImporter/Content/SpeedTree9/SpeedTreeBillboardMaster.uasset" 455
"../../../Engine/Plugins/Editor/SpeedTreeImporter/Content/SpeedTree9/SpeedTreeBillboardMaster.uexp" 456
"../../../Engine/Plugins/Animation/ControlRig/Content/Controls/ControlRig_Wedge_solid.ubulk" 457
"../../../Engine/Plugins/Animation/ControlRig/Content/Controls/ControlRig_Wedge_solid.uasset" 458
"../../../Engine/Plugins/Animation/ControlRig/Content/Controls/ControlRig_Wedge_solid.uexp" 459
"../../../Engine/Plugins/Animation/ControlRig/Content/Controls/ControlRig_Wedge_3mm.ubulk" 460
"../../../Engine/Plugins/Animation/ControlRig/Content/Controls/ControlRig_Wedge_3mm.uasset" 461
"../../../Engine/Plugins/Animation/ControlRig/Content/Controls/ControlRig_Wedge_3mm.uexp" 462
"../../../Engine/Plugins/Animation/ControlRig/Content/Controls/ControlRig_Wedge_1mm.ubulk" 463
"../../../Engine/Plugins/Animation/ControlRig/Content/Controls/ControlRig_Wedge_1mm.uasset" 464
"../../../Engine/Plugins/Animation/ControlRig/Content/Controls/ControlRig_Wedge_1mm.uexp" 465
"../../../Engine/Plugins/Animation/ControlRig/Content/Controls/ControlRig_Triangle_solid.ubulk" 466
"../../../Engine/Plugins/Animation/ControlRig/Content/Controls/ControlRig_Triangle_solid.uasset" 467
"../../../Engine/Plugins/Animation/ControlRig/Content/Controls/ControlRig_Triangle_solid.uexp" 468
"../../../Engine/Plugins/Animation/ControlRig/Content/Controls/ControlRig_Triangle_3mm.ubulk" 469
"../../../Engine/Plugins/Animation/ControlRig/Content/Controls/ControlRig_Triangle_3mm.uasset" 470
"../../../Engine/Plugins/Animation/ControlRig/Content/Controls/ControlRig_Triangle_3mm.uexp" 471
"../../../Engine/Plugins/Animation/ControlRig/Content/Controls/ControlRig_Triangle_1mm.ubulk" 472
"../../../Engine/Plugins/Animation/ControlRig/Content/Controls/ControlRig_Triangle_1mm.uasset" 473
"../../../Engine/Plugins/Animation/ControlRig/Content/Controls/ControlRig_Triangle_1mm.uexp" 474
"../../../Engine/Plugins/Animation/ControlRig/Content/Controls/ControlRig_Star4_solid.ubulk" 475
"../../../Engine/Plugins/Animation/ControlRig/Content/Controls/ControlRig_Star4_solid.uasset" 476
"../../../Engine/Plugins/Animation/ControlRig/Content/Controls/ControlRig_Star4_solid.uexp" 477
"../../../Engine/Plugins/Animation/ControlRig/Content/Controls/ControlRig_Star4_3mm.ubulk" 478
"../../../Engine/Plugins/Animation/ControlRig/Content/Controls/ControlRig_Star4_3mm.uasset" 479
"../../../Engine/Plugins/Animation/ControlRig/Content/Controls/ControlRig_Star4_3mm.uexp" 480
"../../../Engine/Plugins/Animation/ControlRig/Content/Controls/ControlRig_Star4_1mm.ubulk" 481
"../../../Engine/Plugins/Animation/ControlRig/Content/Controls/ControlRig_Star4_1mm.uasset" 482
"../../../Engine/Plugins/Animation/ControlRig/Content/Controls/ControlRig_Star4_1mm.uexp" 483
"../../../Engine/Plugins/Animation/ControlRig/Content/Controls/ControlRig_Square_solid.ubulk" 484
"../../../Engine/Plugins/Animation/ControlRig/Content/Controls/ControlRig_Square_solid.uasset" 485
"../../../Engine/Plugins/Animation/ControlRig/Content/Controls/ControlRig_Square_solid.uexp" 486
"../../../Engine/Plugins/Animation/ControlRig/Content/Controls/ControlRig_Square_3mm.ubulk" 487
"../../../Engine/Plugins/Animation/ControlRig/Content/Controls/ControlRig_Square_3mm.uasset" 488
"../../../Engine/Plugins/Animation/ControlRig/Content/Controls/ControlRig_Square_3mm.uexp" 489
"../../../Engine/Plugins/Animation/ControlRig/Content/Controls/ControlRig_Square_1mm.ubulk" 490
"../../../Engine/Plugins/Animation/ControlRig/Content/Controls/ControlRig_Square_1mm.uasset" 491
"../../../Engine/Plugins/Animation/ControlRig/Content/Controls/ControlRig_Square_1mm.uexp" 492
"../../../Engine/Plugins/Animation/ControlRig/Content/Controls/ControlRig_Sphere_solid.ubulk" 493
"../../../Engine/Plugins/Animation/ControlRig/Content/Controls/ControlRig_Sphere_solid.uasset" 494
"../../../Engine/Plugins/Animation/ControlRig/Content/Controls/ControlRig_Sphere_solid.uexp" 495
"../../../Engine/Plugins/Animation/ControlRig/Content/Controls/ControlRig_Sphere_3mm.ubulk" 496
"../../../Engine/Plugins/Animation/ControlRig/Content/Controls/ControlRig_Sphere_3mm.uasset" 497
"../../../Engine/Plugins/Animation/ControlRig/Content/Controls/ControlRig_Sphere_3mm.uexp" 498
"../../../Engine/Plugins/Animation/ControlRig/Content/Controls/ControlRig_Sphere_1mm.ubulk" 499
"../../../Engine/Plugins/Animation/ControlRig/Content/Controls/ControlRig_Sphere_1mm.uasset" 500
"../../../Engine/Plugins/Animation/ControlRig/Content/Controls/ControlRig_Sphere_1mm.uexp" 501
"../../../Engine/Plugins/Animation/ControlRig/Content/Controls/ControlRig_RoundedTriangle_solid.ubulk" 502
"../../../Engine/Plugins/Animation/ControlRig/Content/Controls/ControlRig_RoundedTriangle_solid.uasset" 503
"../../../Engine/Plugins/Animation/ControlRig/Content/Controls/ControlRig_RoundedTriangle_solid.uexp" 504
"../../../Engine/Plugins/Animation/ControlRig/Content/Controls/ControlRig_RoundedTriangle_3mm.ubulk" 505
"../../../Engine/Plugins/Animation/ControlRig/Content/Controls/ControlRig_RoundedTriangle_3mm.uasset" 506
"../../../Engine/Plugins/Animation/ControlRig/Content/Controls/ControlRig_RoundedTriangle_3mm.uexp" 507
"../../../Engine/Plugins/Animation/ControlRig/Content/Controls/ControlRig_RoundedTriangle_1mm.ubulk" 508
"../../../Engine/Plugins/Animation/ControlRig/Content/Controls/ControlRig_RoundedTriangle_1mm.uasset" 509
"../../../Engine/Plugins/Animation/ControlRig/Content/Controls/ControlRig_RoundedTriangle_1mm.uexp" 510
"../../../Engine/Plugins/Animation/ControlRig/Content/Controls/ControlRig_RoundedSquare_solid.ubulk" 511
"../../../Engine/Plugins/Animation/ControlRig/Content/Controls/ControlRig_RoundedSquare_solid.uasset" 512
"../../../Engine/Plugins/Animation/ControlRig/Content/Controls/ControlRig_RoundedSquare_solid.uexp" 513
"../../../Engine/Plugins/Animation/ControlRig/Content/Controls/ControlRig_RoundedSquare_3mm.ubulk" 514
"../../../Engine/Plugins/Animation/ControlRig/Content/Controls/ControlRig_RoundedSquare_3mm.uasset" 515
"../../../Engine/Plugins/Animation/ControlRig/Content/Controls/ControlRig_RoundedSquare_3mm.uexp" 516
"../../../Engine/Plugins/Animation/ControlRig/Content/Controls/ControlRig_RoundedSquare_1mm.ubulk" 517
"../../../Engine/Plugins/Animation/ControlRig/Content/Controls/ControlRig_RoundedSquare_1mm.uasset" 518
"../../../Engine/Plugins/Animation/ControlRig/Content/Controls/ControlRig_RoundedSquare_1mm.uexp" 519
"../../../Engine/Plugins/Animation/ControlRig/Content/Controls/ControlRig_QuarterCircle_solid.ubulk" 520
"../../../Engine/Plugins/Animation/ControlRig/Content/Controls/ControlRig_QuarterCircle_solid.uasset" 521
"../../../Engine/Plugins/Animation/ControlRig/Content/Controls/ControlRig_QuarterCircle_solid.uexp" 522
"../../../Engine/Plugins/Animation/ControlRig/Content/Controls/ControlRig_QuarterCircle_3mm.ubulk" 523
"../../../Engine/Plugins/Animation/ControlRig/Content/Controls/ControlRig_QuarterCircle_3mm.uasset" 524
"../../../Engine/Plugins/Animation/ControlRig/Content/Controls/ControlRig_QuarterCircle_3mm.uexp" 525
"../../../Engine/Plugins/Animation/ControlRig/Content/Controls/ControlRig_QuarterCircle_1mm.ubulk" 526
"../../../Engine/Plugins/Animation/ControlRig/Content/Controls/ControlRig_QuarterCircle_1mm.uasset" 527
"../../../Engine/Plugins/Animation/ControlRig/Content/Controls/ControlRig_QuarterCircle_1mm.uexp" 528
"../../../Engine/Plugins/Animation/ControlRig/Content/Controls/ControlRig_Pyramid_solid.ubulk" 529
"../../../Engine/Plugins/Animation/ControlRig/Content/Controls/ControlRig_Pyramid_solid.uasset" 530
"../../../Engine/Plugins/Animation/ControlRig/Content/Controls/ControlRig_Pyramid_solid.uexp" 531
"../../../Engine/Plugins/Animation/ControlRig/Content/Controls/ControlRig_Pyramid_3mm.ubulk" 532
"../../../Engine/Plugins/Animation/ControlRig/Content/Controls/ControlRig_Pyramid_3mm.uasset" 533
"../../../Engine/Plugins/Animation/ControlRig/Content/Controls/ControlRig_Pyramid_3mm.uexp" 534
"../../../Engine/Plugins/Animation/ControlRig/Content/Controls/ControlRig_Pyramid_1mm.ubulk" 535
"../../../Engine/Plugins/Animation/ControlRig/Content/Controls/ControlRig_Pyramid_1mm.uasset" 536
"../../../Engine/Plugins/Animation/ControlRig/Content/Controls/ControlRig_Pyramid_1mm.uexp" 537
"../../../Engine/Plugins/Animation/ControlRig/Content/Controls/ControlRig_Octagon_solid.ubulk" 538
"../../../Engine/Plugins/Animation/ControlRig/Content/Controls/ControlRig_Octagon_solid.uasset" 539
"../../../Engine/Plugins/Animation/ControlRig/Content/Controls/ControlRig_Octagon_solid.uexp" 540
"../../../Engine/Plugins/Animation/ControlRig/Content/Controls/ControlRig_Octagon_3mm.ubulk" 541
"../../../Engine/Plugins/Animation/ControlRig/Content/Controls/ControlRig_Octagon_3mm.uasset" 542
"../../../Engine/Plugins/Animation/ControlRig/Content/Controls/ControlRig_Octagon_3mm.uexp" 543
"../../../Engine/Plugins/Animation/ControlRig/Content/Controls/ControlRig_Octagon_1mm.ubulk" 544
"../../../Engine/Plugins/Animation/ControlRig/Content/Controls/ControlRig_Octagon_1mm.uasset" 545
"../../../Engine/Plugins/Animation/ControlRig/Content/Controls/ControlRig_Octagon_1mm.uexp" 546
"../../../Engine/Plugins/Animation/ControlRig/Content/Controls/ControlRig_Hexagon_solid.ubulk" 547
"../../../Engine/Plugins/Animation/ControlRig/Content/Controls/ControlRig_Hexagon_solid.uasset" 548
"../../../Engine/Plugins/Animation/ControlRig/Content/Controls/ControlRig_Hexagon_solid.uexp" 549
"../../../Engine/Plugins/Animation/ControlRig/Content/Controls/ControlRig_Hexagon_3mm.ubulk" 550
"../../../Engine/Plugins/Animation/ControlRig/Content/Controls/ControlRig_Hexagon_3mm.uasset" 551
"../../../Engine/Plugins/Animation/ControlRig/Content/Controls/ControlRig_Hexagon_3mm.uexp" 552
"../../../Engine/Plugins/Animation/ControlRig/Content/Controls/ControlRig_Hexagon_1mm.ubulk" 553
"../../../Engine/Plugins/Animation/ControlRig/Content/Controls/ControlRig_Hexagon_1mm.uasset" 554
"../../../Engine/Plugins/Animation/ControlRig/Content/Controls/ControlRig_Hexagon_1mm.uexp" 555
"../../../Engine/Plugins/Animation/ControlRig/Content/Controls/ControlRig_HalfCircle_solid.ubulk" 556
"../../../Engine/Plugins/Animation/ControlRig/Content/Controls/ControlRig_HalfCircle_solid.uasset" 557
"../../../Engine/Plugins/Animation/ControlRig/Content/Controls/ControlRig_HalfCircle_solid.uexp" 558
"../../../Engine/Plugins/Animation/ControlRig/Content/Controls/ControlRig_HalfCircle_3mm.ubulk" 559
"../../../Engine/Plugins/Animation/ControlRig/Content/Controls/ControlRig_HalfCircle_3mm.uasset" 560
"../../../Engine/Plugins/Animation/ControlRig/Content/Controls/ControlRig_HalfCircle_3mm.uexp" 561
"../../../Engine/Plugins/Animation/ControlRig/Content/Controls/ControlRig_HalfCircle_1mm.ubulk" 562
"../../../Engine/Plugins/Animation/ControlRig/Content/Controls/ControlRig_HalfCircle_1mm.uasset" 563
"../../../Engine/Plugins/Animation/ControlRig/Content/Controls/ControlRig_HalfCircle_1mm.uexp" 564
"../../../Engine/Plugins/Animation/ControlRig/Content/Controls/ControlRig_Diamond_solid.ubulk" 565
"../../../Engine/Plugins/Animation/ControlRig/Content/Controls/ControlRig_Diamond_solid.uasset" 566
"../../../Engine/Plugins/Animation/ControlRig/Content/Controls/ControlRig_Diamond_solid.uexp" 567
"../../../Engine/Plugins/Animation/ControlRig/Content/Controls/ControlRig_Diamond_3mm.ubulk" 568
"../../../Engine/Plugins/Animation/ControlRig/Content/Controls/ControlRig_Diamond_3mm.uasset" 569
"../../../Engine/Plugins/Animation/ControlRig/Content/Controls/ControlRig_Diamond_3mm.uexp" 570
"../../../Engine/Plugins/Animation/ControlRig/Content/Controls/ControlRig_Diamond_1mm.ubulk" 571
"../../../Engine/Plugins/Animation/ControlRig/Content/Controls/ControlRig_Diamond_1mm.uasset" 572
"../../../Engine/Plugins/Animation/ControlRig/Content/Controls/ControlRig_Diamond_1mm.uexp" 573
"../../../Engine/Plugins/Animation/ControlRig/Content/Controls/ControlRig_Circle_solid.ubulk" 574
"../../../Engine/Plugins/Animation/ControlRig/Content/Controls/ControlRig_Circle_solid.uasset" 575
"../../../Engine/Plugins/Animation/ControlRig/Content/Controls/ControlRig_Circle_solid.uexp" 576
"../../../Engine/Plugins/Animation/ControlRig/Content/Controls/ControlRig_Circle_3mm.ubulk" 577
"../../../Engine/Plugins/Animation/ControlRig/Content/Controls/ControlRig_Circle_3mm.uasset" 578
"../../../Engine/Plugins/Animation/ControlRig/Content/Controls/ControlRig_Circle_3mm.uexp" 579
"../../../Engine/Plugins/Animation/ControlRig/Content/Controls/ControlRig_Circle_1mm.ubulk" 580
"../../../Engine/Plugins/Animation/ControlRig/Content/Controls/ControlRig_Circle_1mm.uasset" 581
"../../../Engine/Plugins/Animation/ControlRig/Content/Controls/ControlRig_Circle_1mm.uexp" 582
"../../../Engine/Plugins/Animation/ControlRig/Content/Controls/ControlRig_Box_solid.ubulk" 583
"../../../Engine/Plugins/Animation/ControlRig/Content/Controls/ControlRig_Box_solid.uasset" 584
"../../../Engine/Plugins/Animation/ControlRig/Content/Controls/ControlRig_Box_solid.uexp" 585
"../../../Engine/Plugins/Animation/ControlRig/Content/Controls/ControlRig_Box_3mm.ubulk" 586
"../../../Engine/Plugins/Animation/ControlRig/Content/Controls/ControlRig_Box_3mm.uasset" 587
"../../../Engine/Plugins/Animation/ControlRig/Content/Controls/ControlRig_Box_3mm.uexp" 588
"../../../Engine/Plugins/Animation/ControlRig/Content/Controls/ControlRig_Box_1mm.ubulk" 589
"../../../Engine/Plugins/Animation/ControlRig/Content/Controls/ControlRig_Box_1mm.uasset" 590
"../../../Engine/Plugins/Animation/ControlRig/Content/Controls/ControlRig_Box_1mm.uexp" 591
"../../../Engine/Plugins/Animation/ControlRig/Content/Controls/ControlRig_Arrow_solid.ubulk" 592
"../../../Engine/Plugins/Animation/ControlRig/Content/Controls/ControlRig_Arrow_solid.uasset" 593
"../../../Engine/Plugins/Animation/ControlRig/Content/Controls/ControlRig_Arrow_solid.uexp" 594
"../../../Engine/Plugins/Animation/ControlRig/Content/Controls/ControlRig_Arrow_3mm.ubulk" 595
"../../../Engine/Plugins/Animation/ControlRig/Content/Controls/ControlRig_Arrow_3mm.uasset" 596
"../../../Engine/Plugins/Animation/ControlRig/Content/Controls/ControlRig_Arrow_3mm.uexp" 597
"../../../Engine/Plugins/Animation/ControlRig/Content/Controls/ControlRig_Arrow_1mm.ubulk" 598
"../../../Engine/Plugins/Animation/ControlRig/Content/Controls/ControlRig_Arrow_1mm.uasset" 599
"../../../Engine/Plugins/Animation/ControlRig/Content/Controls/ControlRig_Arrow_1mm.uexp" 600
"../../../Engine/Plugins/Animation/ControlRig/Content/Controls/ControlRig_Arrow4_solid.ubulk" 601
"../../../Engine/Plugins/Animation/ControlRig/Content/Controls/ControlRig_Arrow4_solid.uasset" 602
"../../../Engine/Plugins/Animation/ControlRig/Content/Controls/ControlRig_Arrow4_solid.uexp" 603
"../../../Engine/Plugins/Animation/ControlRig/Content/Controls/ControlRig_Arrow4_3mm.ubulk" 604
"../../../Engine/Plugins/Animation/ControlRig/Content/Controls/ControlRig_Arrow4_3mm.uasset" 605
"../../../Engine/Plugins/Animation/ControlRig/Content/Controls/ControlRig_Arrow4_3mm.uexp" 606
"../../../Engine/Plugins/Animation/ControlRig/Content/Controls/ControlRig_Arrow4_1mm.ubulk" 607
"../../../Engine/Plugins/Animation/ControlRig/Content/Controls/ControlRig_Arrow4_1mm.uasset" 608
"../../../Engine/Plugins/Animation/ControlRig/Content/Controls/ControlRig_Arrow4_1mm.uexp" 609
"../../../Engine/Plugins/Animation/ControlRig/Content/Controls/ControlRig_Arrow2_solid.ubulk" 610
"../../../Engine/Plugins/Animation/ControlRig/Content/Controls/ControlRig_Arrow2_solid.uasset" 611
"../../../Engine/Plugins/Animation/ControlRig/Content/Controls/ControlRig_Arrow2_solid.uexp" 612
"../../../Engine/Plugins/Animation/ControlRig/Content/Controls/ControlRig_Arrow2_3mm.ubulk" 613
"../../../Engine/Plugins/Animation/ControlRig/Content/Controls/ControlRig_Arrow2_3mm.uasset" 614
"../../../Engine/Plugins/Animation/ControlRig/Content/Controls/ControlRig_Arrow2_3mm.uexp" 615
"../../../Engine/Plugins/Animation/ControlRig/Content/Controls/ControlRig_Arrow2_1mm.ubulk" 616
"../../../Engine/Plugins/Animation/ControlRig/Content/Controls/ControlRig_Arrow2_1mm.uasset" 617
"../../../Engine/Plugins/Animation/ControlRig/Content/Controls/ControlRig_Arrow2_1mm.uexp" 618
"../../../Engine/Plugins/Animation/ControlRig/Content/Controls/ControlRigXRayMaterial.uasset" 619
"../../../Engine/Plugins/Animation/ControlRig/Content/Controls/ControlRigXRayMaterial.uexp" 620
"../../../Engine/Plugins/Animation/ControlRig/Content/Controls/ControlRigGizmoMaterial.uasset" 621
"../../../Engine/Plugins/Animation/ControlRig/Content/Controls/ControlRigGizmoMaterial.uexp" 622
"../../../Engine/Content/EditorMaterials/Dataflow/DataflowVertexMaterial.uasset" 623
"../../../Engine/Content/EditorMaterials/Dataflow/DataflowVertexMaterial.uexp" 624
"../../../Engine/Content/EditorMaterials/Dataflow/DataflowTwoSidedVertexMaterial.uasset" 625
"../../../Engine/Content/EditorMaterials/Dataflow/DataflowTwoSidedVertexMaterial.uexp" 626
"../../../Engine/Content/VREditor/TransformGizmo/Xray.uasset" 627
"../../../Engine/Content/VREditor/TransformGizmo/Xray.uexp" 628
"../../../Engine/Content/VREditor/TransformGizmo/Main.uasset" 629
"../../../Engine/Content/VREditor/TransformGizmo/Main.uexp" 630
"../../../Engine/Content/VREditor/TransformGizmo/SM_Sequencer_Node.ubulk" 631
"../../../Engine/Content/VREditor/TransformGizmo/SM_Sequencer_Node.uasset" 632
"../../../Engine/Content/VREditor/TransformGizmo/SM_Sequencer_Node.uexp" 633
"../../../Engine/Content/VREditor/TransformGizmo/TranslucentTransformGizmoMaterial.uasset" 634
"../../../Engine/Content/VREditor/TransformGizmo/TranslucentTransformGizmoMaterial.uexp" 635
"../../../Engine/Content/VREditor/LaserPointer/VR_LaserPower_01.ubulk" 636
"../../../Engine/Content/VREditor/LaserPointer/VR_LaserPower_01.uasset" 637
"../../../Engine/Content/VREditor/LaserPointer/VR_LaserPower_01.uexp" 638
"../../../Engine/Content/VREditor/TransformGizmo/TransformGizmoMaterial.uasset" 639
"../../../Engine/Content/VREditor/TransformGizmo/TransformGizmoMaterial.uexp" 640
"../../../Engine/Content/VREditor/TransformGizmo/BoundingBoxEdge.ubulk" 641
"../../../Engine/Content/VREditor/TransformGizmo/BoundingBoxEdge.uasset" 642
"../../../Engine/Content/VREditor/TransformGizmo/BoundingBoxEdge.uexp" 643
"../../../Engine/Content/VREditor/TransformGizmo/BoundingBoxCorner.ubulk" 644
"../../../Engine/Content/VREditor/TransformGizmo/BoundingBoxCorner.uasset" 645
"../../../Engine/Content/VREditor/TransformGizmo/BoundingBoxCorner.uexp" 646
"../../../Engine/Content/EngineResources/FilmGrains/Marcie_Grain_v3_128_M2_000.uasset" 647
"../../../Engine/Content/EngineResources/FilmGrains/Marcie_Grain_v3_128_M2_000.uexp" 648
"../../../Engine/Content/EngineResources/Development/ZenLogo_64.uasset" 649
"../../../Engine/Content/EngineResources/Development/ZenLogo_64.uexp" 650
"../../../Engine/Content/EngineMaterials/LTC/Sheen_LTC.uasset" 651
"../../../Engine/Content/EngineMaterials/LTC/Sheen_LTC.uexp" 652
"../../../Engine/Content/EngineMaterials/LTC/GGX_LTCMat.uasset" 653
"../../../Engine/Content/EngineMaterials/LTC/GGX_LTCMat.uexp" 654
"../../../Engine/Content/EngineMaterials/LTC/GGX_LTCAmp.uasset" 655
"../../../Engine/Content/EngineMaterials/LTC/GGX_LTCAmp.uexp" 656
"../../../Engine/Content/EngineMaterials/EnergyConservation/Sheen_Energy.uasset" 657
"../../../Engine/Content/EngineMaterials/EnergyConservation/Sheen_Energy.uexp" 658
"../../../Engine/Content/EngineMaterials/EnergyConservation/SheenLegacy_Energy.uasset" 659
"../../../Engine/Content/EngineMaterials/EnergyConservation/SheenLegacy_Energy.uexp" 660
"../../../Engine/Content/EngineMaterials/EnergyConservation/GGX_TransmissionEnergyArray.uasset" 661
"../../../Engine/Content/EngineMaterials/EnergyConservation/GGX_TransmissionEnergyArray.uexp" 662
"../../../Engine/Content/EngineMaterials/EnergyConservation/GGX_ReflectionEnergy.uasset" 663
"../../../Engine/Content/EngineMaterials/EnergyConservation/GGX_ReflectionEnergy.uexp" 664
"../../../Engine/Content/EngineMaterials/EnergyConservation/Diffuse_Energy.uasset" 665
"../../../Engine/Content/EngineMaterials/EnergyConservation/Diffuse_Energy.uexp" 666
"../../../Engine/Content/EditorResources/SequenceRecorder/RecordingIndicator.uasset" 667
"../../../Engine/Content/EditorResources/SequenceRecorder/RecordingIndicator.uexp" 668
"../../../Engine/Content/EditorResources/SequenceRecorder/Countdown.uasset" 669
"../../../Engine/Content/EditorResources/SequenceRecorder/Countdown.uexp" 670
"../../../Engine/Content/EditorMaterials/Camera/CineMat.uasset" 671
"../../../Engine/Content/EditorMaterials/Camera/CineMat.uexp" 672
"../../../Engine/Content/EditorMaterials/Camera/MI_CineMat_Rig.uasset" 673
"../../../Engine/Content/EditorMaterials/Camera/MI_CineMat_Rig.uexp" 674
"../../../Engine/Content/EditorMeshes/Camera/SM_RailRig_Track.ubulk" 675
"../../../Engine/Content/EditorMeshes/Camera/SM_RailRig_Track.uasset" 676
"../../../Engine/Content/EditorMeshes/Camera/SM_RailRig_Track.uexp" 677
"../../../Engine/Content/EditorMeshes/Camera/SM_RailRig_Mount.ubulk" 678
"../../../Engine/Content/EditorMeshes/Camera/SM_RailRig_Mount.uasset" 679
"../../../Engine/Content/EditorMeshes/Camera/SM_RailRig_Mount.uexp" 680
"../../../Engine/Content/EditorMeshes/Camera/SM_CraneRig_Mount.ubulk" 681
"../../../Engine/Content/EditorMeshes/Camera/SM_CraneRig_Mount.uasset" 682
"../../../Engine/Content/EditorMeshes/Camera/SM_CraneRig_Mount.uexp" 683
"../../../Engine/Content/EditorMeshes/Camera/SM_CraneRig_Body.ubulk" 684
"../../../Engine/Content/EditorMeshes/Camera/SM_CraneRig_Body.uasset" 685
"../../../Engine/Content/EditorMeshes/Camera/SM_CraneRig_Body.uexp" 686
"../../../Engine/Content/EditorMeshes/Camera/SM_CraneRig_Base.ubulk" 687
"../../../Engine/Content/EditorMeshes/Camera/SM_CraneRig_Base.uasset" 688
"../../../Engine/Content/EditorMeshes/Camera/SM_CraneRig_Base.uexp" 689
"../../../Engine/Content/EditorMeshes/Camera/SM_CraneRig_Arm.ubulk" 690
"../../../Engine/Content/EditorMeshes/Camera/SM_CraneRig_Arm.uasset" 691
"../../../Engine/Content/EditorMeshes/Camera/SM_CraneRig_Arm.uexp" 692
"../../../Engine/Content/EditorMaterials/ParticleSystems/PSysThumbnail_OOD.ubulk" 693
"../../../Engine/Content/EditorMaterials/ParticleSystems/PSysThumbnail_OOD.uasset" 694
"../../../Engine/Content/EditorMaterials/ParticleSystems/PSysThumbnail_OOD.uexp" 695
"../../../Engine/Content/EditorMaterials/ParticleSystems/PSysThumbnail_NoImage.ubulk" 696
"../../../Engine/Content/EditorMaterials/ParticleSystems/PSysThumbnail_NoImage.uasset" 697
"../../../Engine/Content/EditorMaterials/ParticleSystems/PSysThumbnail_NoImage.uexp" 698
"../../../Engine/Plugins/Interchange/Assets/Content/gltf/Textures/T_White_srgb.uasset" 699
"../../../Engine/Plugins/Interchange/Assets/Content/gltf/Textures/T_White_srgb.uexp" 700
"../../../Engine/Plugins/Interchange/Assets/Content/gltf/MaterialFunctions/MF_BaseColor.uasset" 701
"../../../Engine/Plugins/Interchange/Assets/Content/gltf/MaterialFunctions/MF_BaseColor.uexp" 702
"../../../Engine/Plugins/Interchange/Assets/Content/gltf/MaterialFunctions/MF_RotateV2.uasset" 703
"../../../Engine/Plugins/Interchange/Assets/Content/gltf/MaterialFunctions/MF_RotateV2.uexp" 704
"../../../Engine/Plugins/Interchange/Assets/Content/gltf/MaterialFunctions/MF_TransformUVs.uasset" 705
"../../../Engine/Plugins/Interchange/Assets/Content/gltf/MaterialFunctions/MF_TransformUVs.uexp" 706
"../../../Engine/Plugins/Interchange/Assets/Content/gltf/MaterialBodies/MF_Unlit_Body.uasset" 707
"../../../Engine/Plugins/Interchange/Assets/Content/gltf/MaterialBodies/MF_Unlit_Body.uexp" 708
"../../../Engine/Plugins/Interchange/Assets/Content/gltf/M_Unlit.uasset" 709
"../../../Engine/Plugins/Interchange/Assets/Content/gltf/M_Unlit.uexp" 710
"../../../Engine/Plugins/Interchange/Assets/Content/gltf/MaterialInstances/MI_Unlit_Opaque_DS.uasset" 711
"../../../Engine/Plugins/Interchange/Assets/Content/gltf/MaterialInstances/MI_Unlit_Opaque_DS.uexp" 712
"../../../Engine/Plugins/Interchange/Assets/Content/gltf/MaterialInstances/MI_Unlit_Opaque.uasset" 713
"../../../Engine/Plugins/Interchange/Assets/Content/gltf/MaterialInstances/MI_Unlit_Opaque.uexp" 714
"../../../Engine/Plugins/Interchange/Assets/Content/gltf/MaterialInstances/MI_Unlit_Mask_DS.uasset" 715
"../../../Engine/Plugins/Interchange/Assets/Content/gltf/MaterialInstances/MI_Unlit_Mask_DS.uexp" 716
"../../../Engine/Plugins/Interchange/Assets/Content/gltf/MaterialInstances/MI_Unlit_Mask.uasset" 717
"../../../Engine/Plugins/Interchange/Assets/Content/gltf/MaterialInstances/MI_Unlit_Mask.uexp" 718
"../../../Engine/Plugins/Interchange/Assets/Content/gltf/MaterialInstances/MI_Unlit_Blend_DS.uasset" 719
"../../../Engine/Plugins/Interchange/Assets/Content/gltf/MaterialInstances/MI_Unlit_Blend_DS.uexp" 720
"../../../Engine/Plugins/Interchange/Assets/Content/gltf/MaterialInstances/MI_Unlit_Blend.uasset" 721
"../../../Engine/Plugins/Interchange/Assets/Content/gltf/MaterialInstances/MI_Unlit_Blend.uexp" 722
"../../../Engine/Content/EngineMaterials/Good64x64TilingNoiseHighFreq.uasset" 723
"../../../Engine/Content/EngineMaterials/Good64x64TilingNoiseHighFreq.uexp" 724
"../../../Engine/Content/Functions/Engine_MaterialFunctions02/Texturing/ScreenAlignedPixelToPixelUVs.uasset" 725
"../../../Engine/Content/Functions/Engine_MaterialFunctions02/Texturing/ScreenAlignedPixelToPixelUVs.uexp" 726
"../../../Engine/Plugins/Interchange/Assets/Content/Utilities/New_LUT.uasset" 727
"../../../Engine/Plugins/Interchange/Assets/Content/Utilities/New_LUT.uexp" 728
"../../../Engine/Content/Functions/Engine_MaterialFunctions03/Math/RemapValueRange.uasset" 729
"../../../Engine/Content/Functions/Engine_MaterialFunctions03/Math/RemapValueRange.uexp" 730
"../../../Engine/Plugins/Interchange/Assets/Content/Functions/MF_Iridescence.uasset" 731
"../../../Engine/Plugins/Interchange/Assets/Content/Functions/MF_Iridescence.uexp" 732
"../../../Engine/Plugins/Interchange/Assets/Content/gltf/MaterialFunctions/MF_Fresnel_DS.uasset" 733
"../../../Engine/Plugins/Interchange/Assets/Content/gltf/MaterialFunctions/MF_Fresnel_DS.uexp" 734
"../../../Engine/Plugins/Interchange/Assets/Content/gltf/MaterialFunctions/MF_IOR.uasset" 735
"../../../Engine/Plugins/Interchange/Assets/Content/gltf/MaterialFunctions/MF_IOR.uexp" 736
"../../../Engine/Plugins/Interchange/Assets/Content/gltf/MaterialFunctions/MF_Iridescence.uasset" 737
"../../../Engine/Plugins/Interchange/Assets/Content/gltf/MaterialFunctions/MF_Iridescence.uexp" 738
"../../../Engine/Plugins/Interchange/Assets/Content/gltf/Textures/T_White_Linear.uasset" 739
"../../../Engine/Plugins/Interchange/Assets/Content/gltf/Textures/T_White_Linear.uexp" 740
"../../../Engine/Plugins/Interchange/Assets/Content/gltf/MaterialFunctions/MF_MetallicRoughness.uasset" 741
"../../../Engine/Plugins/Interchange/Assets/Content/gltf/MaterialFunctions/MF_MetallicRoughness.uexp" 742
"../../../Engine/Content/Functions/Engine_MaterialFunctions02/Math/Transform3x3Matrix.uasset" 743
"../../../Engine/Content/Functions/Engine_MaterialFunctions02/Math/Transform3x3Matrix.uexp" 744
"../../../Engine/Plugins/Interchange/Assets/Content/gltf/MaterialFunctions/MF_RotateNormals_TS.uasset" 745
"../../../Engine/Plugins/Interchange/Assets/Content/gltf/MaterialFunctions/MF_RotateNormals_TS.uexp" 746
"../../../Engine/Plugins/Interchange/Assets/Content/gltf/MaterialFunctions/MF_ScaleNormal.uasset" 747
"../../../Engine/Plugins/Interchange/Assets/Content/gltf/MaterialFunctions/MF_ScaleNormal.uexp" 748
"../../../Engine/Plugins/Interchange/Assets/Content/gltf/Textures/T_Generic_N.uasset" 749
"../../../Engine/Plugins/Interchange/Assets/Content/gltf/Textures/T_Generic_N.uexp" 750
"../../../Engine/Plugins/Interchange/Assets/Content/gltf/MaterialFunctions/MF_Normals.uasset" 751
"../../../Engine/Plugins/Interchange/Assets/Content/gltf/MaterialFunctions/MF_Normals.uexp" 752
"../../../Engine/Plugins/Interchange/Assets/Content/gltf/MaterialFunctions/MF_Occlusion.uasset" 753
"../../../Engine/Plugins/Interchange/Assets/Content/gltf/MaterialFunctions/MF_Occlusion.uexp" 754
"../../../Engine/Plugins/Interchange/Assets/Content/gltf/MaterialFunctions/MF_Specular.uasset" 755
"../../../Engine/Plugins/Interchange/Assets/Content/gltf/MaterialFunctions/MF_Specular.uexp" 756
"../../../Engine/Plugins/Interchange/Assets/Content/gltf/Textures/T_Anisotropy_Direction_Linear.uasset" 757
"../../../Engine/Plugins/Interchange/Assets/Content/gltf/Textures/T_Anisotropy_Direction_Linear.uexp" 758
"../../../Engine/Plugins/Interchange/Assets/Content/gltf/MaterialFunctions/MF_SpecularAnisotropy.uasset" 759
"../../../Engine/Plugins/Interchange/Assets/Content/gltf/MaterialFunctions/MF_SpecularAnisotropy.uexp" 760
"../../../Engine/Plugins/Interchange/Assets/Content/gltf/MaterialFunctions/MF_Temporal_Blur.uasset" 761
"../../../Engine/Plugins/Interchange/Assets/Content/gltf/MaterialFunctions/MF_Temporal_Blur.uexp" 762
"../../../Engine/Plugins/Interchange/Assets/Content/gltf/MaterialFunctions/MF_Transmission.uasset" 763
"../../../Engine/Plugins/Interchange/Assets/Content/gltf/MaterialFunctions/MF_Transmission.uexp" 764
"../../../Engine/Plugins/Interchange/Assets/Content/gltf/MaterialBodies/MF_Transmission_Body.uasset" 765
"../../../Engine/Plugins/Interchange/Assets/Content/gltf/MaterialBodies/MF_Transmission_Body.uexp" 766
"../../../Engine/Plugins/Interchange/Assets/Content/gltf/M_Transmission.uasset" 767
"../../../Engine/Plugins/Interchange/Assets/Content/gltf/M_Transmission.uexp" 768
"../../../Engine/Plugins/Interchange/Assets/Content/gltf/MaterialInstances/MI_Transmission_DS.uasset" 769
"../../../Engine/Plugins/Interchange/Assets/Content/gltf/MaterialInstances/MI_Transmission_DS.uexp" 770
"../../../Engine/Plugins/Interchange/Assets/Content/gltf/MaterialInstances/MI_Transmission.uasset" 771
"../../../Engine/Plugins/Interchange/Assets/Content/gltf/MaterialInstances/MI_Transmission.uexp" 772
"../../../Engine/Content/Functions/Engine_MaterialFunctions02/Math/AddComponents.uasset" 773
"../../../Engine/Content/Functions/Engine_MaterialFunctions02/Math/AddComponents.uexp" 774
"../../../Engine/Plugins/Interchange/Assets/Content/gltf/MaterialFunctions/MF_DiffuseSpecGloss.uasset" 775
"../../../Engine/Plugins/Interchange/Assets/Content/gltf/MaterialFunctions/MF_DiffuseSpecGloss.uexp" 776
"../../../Engine/Plugins/Interchange/Assets/Content/gltf/MaterialFunctions/MF_Emissive.uasset" 777
"../../../Engine/Plugins/Interchange/Assets/Content/gltf/MaterialFunctions/MF_Emissive.uexp" 778
"../../../Engine/Plugins/Interchange/Assets/Content/gltf/MaterialFunctions/MF_MaxComponentValue.uasset" 779
"../../../Engine/Plugins/Interchange/Assets/Content/gltf/MaterialFunctions/MF_MaxComponentValue.uexp" 780
"../../../Engine/Plugins/Interchange/Assets/Content/gltf/MaterialFunctions/MF_PerceivedBrightness.uasset" 781
"../../../Engine/Plugins/Interchange/Assets/Content/gltf/MaterialFunctions/MF_PerceivedBrightness.uexp" 782
"../../../Engine/Plugins/Interchange/Assets/Content/gltf/MaterialFunctions/MF_SpecGlossToMetalRoughness.uasset" 783
"../../../Engine/Plugins/Interchange/Assets/Content/gltf/MaterialFunctions/MF_SpecGlossToMetalRoughness.uexp" 784
"../../../Engine/Plugins/Interchange/Assets/Content/gltf/MaterialBodies/MF_SpecularGlossiness_Body.uasset" 785
"../../../Engine/Plugins/Interchange/Assets/Content/gltf/MaterialBodies/MF_SpecularGlossiness_Body.uexp" 786
"../../../Engine/Plugins/Interchange/Assets/Content/gltf/M_SpecularGlossiness.uasset" 787
"../../../Engine/Plugins/Interchange/Assets/Content/gltf/M_SpecularGlossiness.uexp" 788
"../../../Engine/Plugins/Interchange/Assets/Content/gltf/MaterialInstances/MI_SpecularGlossiness_Opaque_DS.uasset" 789
"../../../Engine/Plugins/Interchange/Assets/Content/gltf/MaterialInstances/MI_SpecularGlossiness_Opaque_DS.uexp" 790
"../../../Engine/Plugins/Interchange/Assets/Content/gltf/MaterialInstances/MI_SpecularGlossiness_Opaque.uasset" 791
"../../../Engine/Plugins/Interchange/Assets/Content/gltf/MaterialInstances/MI_SpecularGlossiness_Opaque.uexp" 792
"../../../Engine/Plugins/Interchange/Assets/Content/gltf/MaterialInstances/MI_SpecularGlossiness_Mask_DS.uasset" 793
"../../../Engine/Plugins/Interchange/Assets/Content/gltf/MaterialInstances/MI_SpecularGlossiness_Mask_DS.uexp" 794
"../../../Engine/Plugins/Interchange/Assets/Content/gltf/MaterialInstances/MI_SpecularGlossiness_Mask.uasset" 795
"../../../Engine/Plugins/Interchange/Assets/Content/gltf/MaterialInstances/MI_SpecularGlossiness_Mask.uexp" 796
"../../../Engine/Plugins/Interchange/Assets/Content/gltf/MaterialInstances/MI_SpecularGlossiness_Blend_DS.uasset" 797
"../../../Engine/Plugins/Interchange/Assets/Content/gltf/MaterialInstances/MI_SpecularGlossiness_Blend_DS.uexp" 798
"../../../Engine/Plugins/Interchange/Assets/Content/gltf/MaterialInstances/MI_SpecularGlossiness_Blend.uasset" 799
"../../../Engine/Plugins/Interchange/Assets/Content/gltf/MaterialInstances/MI_SpecularGlossiness_Blend.uexp" 800
"../../../Engine/Plugins/Interchange/Assets/Content/gltf/MaterialFunctions/MF_Sheen.uasset" 801
"../../../Engine/Plugins/Interchange/Assets/Content/gltf/MaterialFunctions/MF_Sheen.uexp" 802
"../../../Engine/Plugins/Interchange/Assets/Content/gltf/MaterialBodies/MF_Sheen_Body.uasset" 803
"../../../Engine/Plugins/Interchange/Assets/Content/gltf/MaterialBodies/MF_Sheen_Body.uexp" 804
"../../../Engine/Plugins/Interchange/Assets/Content/gltf/M_Sheen.uasset" 805
"../../../Engine/Plugins/Interchange/Assets/Content/gltf/M_Sheen.uexp" 806
"../../../Engine/Plugins/Interchange/Assets/Content/gltf/MaterialInstances/MI_Sheen_Opaque_DS.uasset" 807
"../../../Engine/Plugins/Interchange/Assets/Content/gltf/MaterialInstances/MI_Sheen_Opaque_DS.uexp" 808
"../../../Engine/Plugins/Interchange/Assets/Content/gltf/MaterialInstances/MI_Sheen_Opaque.uasset" 809
"../../../Engine/Plugins/Interchange/Assets/Content/gltf/MaterialInstances/MI_Sheen_Opaque.uexp" 810
"../../../Engine/Plugins/Interchange/Assets/Content/gltf/MaterialInstances/MI_Sheen_Mask_DS.uasset" 811
"../../../Engine/Plugins/Interchange/Assets/Content/gltf/MaterialInstances/MI_Sheen_Mask_DS.uexp" 812
"../../../Engine/Plugins/Interchange/Assets/Content/gltf/MaterialInstances/MI_Sheen_Mask.uasset" 813
"../../../Engine/Plugins/Interchange/Assets/Content/gltf/MaterialInstances/MI_Sheen_Mask.uexp" 814
"../../../Engine/Plugins/Interchange/Assets/Content/gltf/MaterialInstances/MI_Sheen_Blend_DS.uasset" 815
"../../../Engine/Plugins/Interchange/Assets/Content/gltf/MaterialInstances/MI_Sheen_Blend_DS.uexp" 816
"../../../Engine/Plugins/Interchange/Assets/Content/gltf/MaterialInstances/MI_Sheen_Blend.uasset" 817
"../../../Engine/Plugins/Interchange/Assets/Content/gltf/MaterialInstances/MI_Sheen_Blend.uexp" 818
"../../../Engine/Plugins/Interchange/Assets/Content/gltf/MaterialBodies/MF_Default_Body.uasset" 819
"../../../Engine/Plugins/Interchange/Assets/Content/gltf/MaterialBodies/MF_Default_Body.uexp" 820
"../../../Engine/Plugins/Interchange/Assets/Content/gltf/M_Default.uasset" 821
"../../../Engine/Plugins/Interchange/Assets/Content/gltf/M_Default.uexp" 822
"../../../Engine/Plugins/Interchange/Assets/Content/gltf/MaterialInstances/MI_Default_Opaque_DS.uasset" 823
"../../../Engine/Plugins/Interchange/Assets/Content/gltf/MaterialInstances/MI_Default_Opaque_DS.uexp" 824
"../../../Engine/Plugins/Interchange/Assets/Content/gltf/MaterialInstances/MI_Default_Opaque.uasset" 825
"../../../Engine/Plugins/Interchange/Assets/Content/gltf/MaterialInstances/MI_Default_Opaque.uexp" 826
"../../../Engine/Plugins/Interchange/Assets/Content/gltf/MaterialInstances/MI_Default_Mask_DS.uasset" 827
"../../../Engine/Plugins/Interchange/Assets/Content/gltf/MaterialInstances/MI_Default_Mask_DS.uexp" 828
"../../../Engine/Plugins/Interchange/Assets/Content/gltf/MaterialInstances/MI_Default_Mask.uasset" 829
"../../../Engine/Plugins/Interchange/Assets/Content/gltf/MaterialInstances/MI_Default_Mask.uexp" 830
"../../../Engine/Plugins/Interchange/Assets/Content/gltf/MaterialInstances/MI_Default_Blend_DS.uasset" 831
"../../../Engine/Plugins/Interchange/Assets/Content/gltf/MaterialInstances/MI_Default_Blend_DS.uexp" 832
"../../../Engine/Plugins/Interchange/Assets/Content/gltf/MaterialInstances/MI_Default_Blend.uasset" 833
"../../../Engine/Plugins/Interchange/Assets/Content/gltf/MaterialInstances/MI_Default_Blend.uexp" 834
"../../../Engine/Content/Functions/Engine_MaterialFunctions01/Texturing/FlattenNormal.uasset" 835
"../../../Engine/Content/Functions/Engine_MaterialFunctions01/Texturing/FlattenNormal.uexp" 836
"../../../Engine/Plugins/Interchange/Assets/Content/gltf/MaterialFunctions/MF_Clearcoat.uasset" 837
"../../../Engine/Plugins/Interchange/Assets/Content/gltf/MaterialFunctions/MF_Clearcoat.uexp" 838
"../../../Engine/Plugins/Interchange/Assets/Content/gltf/MaterialBodies/MF_ClearCoat_Body.uasset" 839
"../../../Engine/Plugins/Interchange/Assets/Content/gltf/MaterialBodies/MF_ClearCoat_Body.uexp" 840
"../../../Engine/Plugins/Interchange/Assets/Content/gltf/M_ClearCoat.uasset" 841
"../../../Engine/Plugins/Interchange/Assets/Content/gltf/M_ClearCoat.uexp" 842
"../../../Engine/Plugins/Interchange/Assets/Content/gltf/MaterialInstances/MI_ClearCoat_Opaque_DS.uasset" 843
"../../../Engine/Plugins/Interchange/Assets/Content/gltf/MaterialInstances/MI_ClearCoat_Opaque_DS.uexp" 844
"../../../Engine/Plugins/Interchange/Assets/Content/gltf/MaterialInstances/MI_ClearCoat_Opaque.uasset" 845
"../../../Engine/Plugins/Interchange/Assets/Content/gltf/MaterialInstances/MI_ClearCoat_Opaque.uexp" 846
"../../../Engine/Plugins/Interchange/Assets/Content/gltf/MaterialInstances/MI_ClearCoat_Mask_DS.uasset" 847
"../../../Engine/Plugins/Interchange/Assets/Content/gltf/MaterialInstances/MI_ClearCoat_Mask_DS.uexp" 848
"../../../Engine/Plugins/Interchange/Assets/Content/gltf/MaterialInstances/MI_ClearCoat_Mask.uasset" 849
"../../../Engine/Plugins/Interchange/Assets/Content/gltf/MaterialInstances/MI_ClearCoat_Mask.uexp" 850
"../../../Engine/Plugins/Interchange/Assets/Content/gltf/MaterialInstances/MI_ClearCoat_Blend_DS.uasset" 851
"../../../Engine/Plugins/Interchange/Assets/Content/gltf/MaterialInstances/MI_ClearCoat_Blend_DS.uexp" 852
"../../../Engine/Plugins/Interchange/Assets/Content/gltf/MaterialInstances/MI_ClearCoat_Blend.uasset" 853
"../../../Engine/Plugins/Interchange/Assets/Content/gltf/MaterialInstances/MI_ClearCoat_Blend.uexp" 854
"../../../Engine/Content/ArtTools/RenderToTexture/Meshes/S_1_Unit_Plane.ubulk" 855
"../../../Engine/Content/ArtTools/RenderToTexture/Meshes/S_1_Unit_Plane.uasset" 856
"../../../Engine/Content/ArtTools/RenderToTexture/Meshes/S_1_Unit_Plane.uexp" 857
"../../../Engine/Content/EngineMaterials/Substrate/Volume/SubstrateSimpleVolumeLUT3D.uasset" 858
"../../../Engine/Content/EngineMaterials/Substrate/Volume/SubstrateSimpleVolumeLUT3D.uexp" 859
"../../../Engine/Content/EngineMaterials/Substrate/Volume/SubstrateSimpleVolumeEnvLUT3D.uasset" 860
"../../../Engine/Content/EngineMaterials/Substrate/Volume/SubstrateSimpleVolumeEnvLUT3D.uexp" 861
"../../../Engine/Content/EngineMaterials/Substrate/Glints2/AGlintTex2dArray2.uasset" 862
"../../../Engine/Content/EngineMaterials/Substrate/Glints2/AGlintTex2dArray2.uexp" 863
"../../../Engine/Content/EngineMaterials/Substrate/GLints/AGlintTex2dArray.uasset" 864
"../../../Engine/Content/EngineMaterials/Substrate/GLints/AGlintTex2dArray.uexp" 865
"../../../Engine/Content/Functions/Engine_MaterialFunctions01/Shading/PowerToRoughness.uasset" 866
"../../../Engine/Content/Functions/Engine_MaterialFunctions01/Shading/PowerToRoughness.uexp" 867
"../../../Engine/Content/Functions/Engine_MaterialFunctions01/Shading/ConvertFromDiffSpec.uasset" 868
"../../../Engine/Content/Functions/Engine_MaterialFunctions01/Shading/ConvertFromDiffSpec.uexp" 869
"../../../Engine/Content/EngineResources/LandscapeVisibilityLayerInfo.uasset" 870
"../../../Engine/Content/EngineResources/LandscapeVisibilityLayerInfo.uexp" 871
"../../../Engine/Content/VREditor/TransformGizmo/TranslucentTransformGizmoMaterial_Inst.uasset" 872
"../../../Engine/Content/VREditor/TransformGizmo/TranslucentTransformGizmoMaterial_Inst.uexp" 873
"../../../Engine/Content/VREditor/TransformGizmo/TransformGizmoMaterial_Inst.uasset" 874
"../../../Engine/Content/VREditor/TransformGizmo/TransformGizmoMaterial_Inst.uexp" 875
"../../../Engine/Content/VREditor/Sounds/UI/Drop_Item_From_ContentBrowser.ubulk" 876
"../../../Engine/Content/VREditor/Sounds/UI/Drop_Item_From_ContentBrowser.uasset" 877
"../../../Engine/Content/VREditor/Sounds/UI/Drop_Item_From_ContentBrowser.uexp" 878
"../../../Engine/Content/VREditor/TransformGizmo/UniformScaleHandle.ubulk" 879
"../../../Engine/Content/VREditor/TransformGizmo/UniformScaleHandle.uasset" 880
"../../../Engine/Content/VREditor/TransformGizmo/UniformScaleHandle.uexp" 881
"../../../Engine/Content/VREditor/TransformGizmo/TranslateArrowHandle.ubulk" 882
"../../../Engine/Content/VREditor/TransformGizmo/TranslateArrowHandle.uasset" 883
"../../../Engine/Content/VREditor/TransformGizmo/TranslateArrowHandle.uexp" 884
"../../../Engine/Content/VREditor/TransformGizmo/TransformGizmoFreeRotation.ubulk" 885
"../../../Engine/Content/VREditor/TransformGizmo/TransformGizmoFreeRotation.uasset" 886
"../../../Engine/Content/VREditor/TransformGizmo/TransformGizmoFreeRotation.uexp" 887
"../../../Engine/Content/VREditor/TransformGizmo/StartRotationHandleIndicator.ubulk" 888
"../../../Engine/Content/VREditor/TransformGizmo/StartRotationHandleIndicator.uasset" 889
"../../../Engine/Content/VREditor/TransformGizmo/StartRotationHandleIndicator.uexp" 890
"../../../Engine/Content/VREditor/TransformGizmo/RotationHandleQuarter.ubulk" 891
"../../../Engine/Content/VREditor/TransformGizmo/RotationHandleQuarter.uasset" 892
"../../../Engine/Content/VREditor/TransformGizmo/RotationHandleQuarter.uexp" 893
"../../../Engine/Content/VREditor/TransformGizmo/RotationHandleIndicator.ubulk" 894
"../../../Engine/Content/VREditor/TransformGizmo/RotationHandleIndicator.uasset" 895
"../../../Engine/Content/VREditor/TransformGizmo/RotationHandleIndicator.uexp" 896
"../../../Engine/Content/VREditor/TransformGizmo/RotationHandleFull.ubulk" 897
"../../../Engine/Content/VREditor/TransformGizmo/RotationHandleFull.uasset" 898
"../../../Engine/Content/VREditor/TransformGizmo/RotationHandleFull.uexp" 899
"../../../Engine/Content/Functions/Engine_MaterialFunctions02/SplitComponents.uasset" 900
"../../../Engine/Content/Functions/Engine_MaterialFunctions02/SplitComponents.uexp" 901
"../../../Engine/Content/VREditor/SnapGrid/SnapGridMaterial.uasset" 902
"../../../Engine/Content/VREditor/SnapGrid/SnapGridMaterial.uexp" 903
"../../../Engine/Content/VREditor/SnapGrid/SnapGridPlaneMesh.ubulk" 904
"../../../Engine/Content/VREditor/SnapGrid/SnapGridPlaneMesh.uasset" 905
"../../../Engine/Content/VREditor/SnapGrid/SnapGridPlaneMesh.uexp" 906
"../../../Engine/Content/VREditor/Sounds/UI/Gizmo_Handle_Clicked.ubulk" 907
"../../../Engine/Content/VREditor/Sounds/UI/Gizmo_Handle_Clicked.uasset" 908
"../../../Engine/Content/VREditor/Sounds/UI/Gizmo_Handle_Clicked.uexp" 909
"../../../Engine/Content/VREditor/Sounds/UI/Object_PickUp.ubulk" 910
"../../../Engine/Content/VREditor/Sounds/UI/Object_PickUp.uasset" 911
"../../../Engine/Content/VREditor/Sounds/UI/Object_PickUp.uexp" 912
"../../../Engine/Content/VREditor/Sounds/UI/Object_Snaps_To_Another_Actor.ubulk" 913
"../../../Engine/Content/VREditor/Sounds/UI/Object_Snaps_To_Another_Actor.uasset" 914
"../../../Engine/Content/VREditor/Sounds/UI/Object_Snaps_To_Another_Actor.uexp" 915
"../../../Engine/Content/VREditor/Sounds/UI/Object_Snaps_To_Grid.ubulk" 916
"../../../Engine/Content/VREditor/Sounds/UI/Object_Snaps_To_Grid.uasset" 917
"../../../Engine/Content/VREditor/Sounds/UI/Object_Snaps_To_Grid.uexp" 918
"../../../Engine/Content/VREditor/Sounds/UI/Scaling_Down.ubulk" 919
"../../../Engine/Content/VREditor/Sounds/UI/Scaling_Down.uasset" 920
"../../../Engine/Content/VREditor/Sounds/UI/Scaling_Down.uexp" 921
"../../../Engine/Content/VREditor/Sounds/UI/Scaling_Up.ubulk" 922
"../../../Engine/Content/VREditor/Sounds/UI/Scaling_Up.uasset" 923
"../../../Engine/Content/VREditor/Sounds/UI/Scaling_Up.uexp" 924
"../../../Engine/Content/VREditor/Sounds/UI/Selection_Changes.ubulk" 925
"../../../Engine/Content/VREditor/Sounds/UI/Selection_Changes.uasset" 926
"../../../Engine/Content/VREditor/Sounds/UI/Selection_Changes.uexp" 927
"../../../Engine/Content/VREditor/TransformGizmo/PlaneTranslationHandle.ubulk" 928
"../../../Engine/Content/VREditor/TransformGizmo/PlaneTranslationHandle.uasset" 929
"../../../Engine/Content/VREditor/TransformGizmo/PlaneTranslationHandle.uexp" 930
"../../../Engine/Plugins/Animation/DeformerGraph/Content/DeformerFunctions/DG_Function_LinearBlendSkin_Morph_Cloth.uasset" 931
"../../../Engine/Plugins/Animation/DeformerGraph/Content/DeformerFunctions/DG_Function_LinearBlendSkin_Morph_Cloth.uexp" 932
"../../../Engine/Plugins/Animation/DeformerGraph/Content/Deformers/DG_LinearBlendSkin_Morph_Cloth.uasset" 933
"../../../Engine/Plugins/Animation/DeformerGraph/Content/Deformers/DG_LinearBlendSkin_Morph_Cloth.uexp" 934
"../../../Engine/Plugins/Animation/DeformerGraph/Content/DeformerFunctions/DG_Function_LinearBlendSkin_Morph_Cloth_PositionOnly.uasset" 935
"../../../Engine/Plugins/Animation/DeformerGraph/Content/DeformerFunctions/DG_Function_LinearBlendSkin_Morph_Cloth_PositionOnly.uexp" 936
"../../../Engine/Plugins/Animation/DeformerGraph/Content/DeformerFunctions/DG_Function_ComputeNormalsTangents.uasset" 937
"../../../Engine/Plugins/Animation/DeformerGraph/Content/DeformerFunctions/DG_Function_ComputeNormalsTangents.uexp" 938
"../../../Engine/Plugins/Animation/DeformerGraph/Content/Deformers/DG_LinearBlendSkin_Morph_Cloth_RecomputeNormals.uasset" 939
"../../../Engine/Plugins/Animation/DeformerGraph/Content/Deformers/DG_LinearBlendSkin_Morph_Cloth_RecomputeNormals.uexp" 940
"../../../Engine/Plugins/NNE/NNEDenoiser/Content/NNEDT_Oidn2-3_Balanced.uasset" 941
"../../../Engine/Plugins/NNE/NNEDenoiser/Content/NNEDT_Oidn2-3_Balanced.uexp" 942
"../../../Engine/Plugins/NNE/NNEDenoiser/Content/NNEDT_Oidn2-3_Balanced_Alpha.uasset" 943
"../../../Engine/Plugins/NNE/NNEDenoiser/Content/NNEDT_Oidn2-3_Balanced_Alpha.uexp" 944
"../../../Engine/Plugins/NNE/NNEDenoiser/Content/NNED_Oidn2-3_Balanced.uasset" 945
"../../../Engine/Plugins/NNE/NNEDenoiser/Content/NNED_Oidn2-3_Balanced.uexp" 946
"../../../Engine/Plugins/NNE/NNEDenoiser/Content/NNED_Oidn2-3_Balanced_Alpha.uasset" 947
"../../../Engine/Plugins/NNE/NNEDenoiser/Content/NNED_Oidn2-3_Balanced_Alpha.uexp" 948
"../../../Engine/Plugins/NNE/NNEDenoiser/Content/NNED_Oidn2-3_Fast.uasset" 949
"../../../Engine/Plugins/NNE/NNEDenoiser/Content/NNED_Oidn2-3_Fast.uexp" 950
"../../../Engine/Plugins/NNE/NNEDenoiser/Content/NNED_Oidn2-3_Fast_Alpha.uasset" 951
"../../../Engine/Plugins/NNE/NNEDenoiser/Content/NNED_Oidn2-3_Fast_Alpha.uexp" 952
"../../../Engine/Plugins/NNE/NNEDenoiser/Content/NNED_Oidn2-3_HighQuality.uasset" 953
"../../../Engine/Plugins/NNE/NNEDenoiser/Content/NNED_Oidn2-3_HighQuality.uexp" 954
"../../../Engine/Plugins/NNE/NNEDenoiser/Content/NNED_Oidn2-3_HighQuality_Alpha.uasset" 955
"../../../Engine/Plugins/NNE/NNEDenoiser/Content/NNED_Oidn2-3_HighQuality_Alpha.uexp" 956
"../../../Engine/Content/BasicShapes/Plane.ubulk" 957
"../../../Engine/Content/BasicShapes/Plane.uasset" 958
"../../../Engine/Content/BasicShapes/Plane.uexp" 959
"C:/Users/Aoba/Desktop/PIT2/Week 3/PIT2_AS3_Starter_2507/Content/Levels/Level1_BuiltData.ubulk" 960
"C:/Users/Aoba/Desktop/PIT2/Week 3/PIT2_AS3_Starter_2507/Content/Levels/Level1_BuiltData.uasset" 961
"C:/Users/Aoba/Desktop/PIT2/Week 3/PIT2_AS3_Starter_2507/Content/Levels/Level1_BuiltData.uexp" 962
"C:/Users/Aoba/Desktop/PIT2/Week 3/PIT2_AS3_Starter_2507/Content/Blueprints/E_SpawnLocation.uasset" 963
"C:/Users/Aoba/Desktop/PIT2/Week 3/PIT2_AS3_Starter_2507/Content/Blueprints/E_SpawnLocation.uexp" 964
"C:/Users/Aoba/Desktop/PIT2/Week 3/PIT2_AS3_Starter_2507/Content/Blueprints/E_AsteroidType.uasset" 965
"C:/Users/Aoba/Desktop/PIT2/Week 3/PIT2_AS3_Starter_2507/Content/Blueprints/E_AsteroidType.uexp" 966
"C:/Users/Aoba/Desktop/PIT2/Week 3/PIT2_AS3_Starter_2507/Content/Blueprints/BPI_RestartGame.uasset" 967
"C:/Users/Aoba/Desktop/PIT2/Week 3/PIT2_AS3_Starter_2507/Content/Blueprints/BPI_RestartGame.uexp" 968
"C:/Users/Aoba/Desktop/PIT2/Week 3/PIT2_AS3_Starter_2507/Content/Blueprints/BP_Movement.uasset" 969
"C:/Users/Aoba/Desktop/PIT2/Week 3/PIT2_AS3_Starter_2507/Content/Blueprints/BP_Movement.uexp" 970
"C:/Users/Aoba/Desktop/PIT2/Week 3/PIT2_AS3_Starter_2507/Content/Art/WBP_GameOver.uasset" 971
"C:/Users/Aoba/Desktop/PIT2/Week 3/PIT2_AS3_Starter_2507/Content/Art/WBP_GameOver.uexp" 972
"C:/Users/Aoba/Desktop/PIT2/Week 3/PIT2_AS3_Starter_2507/Content/Art/WBP_MainMenu.uasset" 973
"C:/Users/Aoba/Desktop/PIT2/Week 3/PIT2_AS3_Starter_2507/Content/Art/WBP_MainMenu.uexp" 974
"C:/Users/Aoba/Desktop/PIT2/Week 3/PIT2_AS3_Starter_2507/Content/Art/WBP_Pause.uasset" 975
"C:/Users/Aoba/Desktop/PIT2/Week 3/PIT2_AS3_Starter_2507/Content/Art/WBP_Pause.uexp" 976
"../../../Engine/Content/BasicShapes/Cone.ubulk" 977
"../../../Engine/Content/BasicShapes/Cone.uasset" 978
"../../../Engine/Content/BasicShapes/Cone.uexp" 979
"C:/Users/Aoba/Desktop/PIT2/Week 3/PIT2_AS3_Starter_2507/Content/Input/IA_Thrust.uasset" 980
"C:/Users/Aoba/Desktop/PIT2/Week 3/PIT2_AS3_Starter_2507/Content/Input/IA_Thrust.uexp" 981
"C:/Users/Aoba/Desktop/PIT2/Week 3/PIT2_AS3_Starter_2507/Content/Input/IA_Shoot.uasset" 982
"C:/Users/Aoba/Desktop/PIT2/Week 3/PIT2_AS3_Starter_2507/Content/Input/IA_Shoot.uexp" 983
"C:/Users/Aoba/Desktop/PIT2/Week 3/PIT2_AS3_Starter_2507/Content/Input/IA_Rotate.uasset" 984
"C:/Users/Aoba/Desktop/PIT2/Week 3/PIT2_AS3_Starter_2507/Content/Input/IA_Rotate.uexp" 985
"../../../Engine/Content/BasicShapes/Sphere.ubulk" 986
"../../../Engine/Content/BasicShapes/Sphere.uasset" 987
"../../../Engine/Content/BasicShapes/Sphere.uexp" 988
"../../../Engine/Content/BasicShapes/BasicShapeMaterial.uasset" 989
"../../../Engine/Content/BasicShapes/BasicShapeMaterial.uexp" 990
"C:/Users/Aoba/Desktop/PIT2/Week 3/PIT2_AS3_Starter_2507/Content/Blueprints/BP_Projectile.uasset" 991
"C:/Users/Aoba/Desktop/PIT2/Week 3/PIT2_AS3_Starter_2507/Content/Blueprints/BP_Projectile.uexp" 992
"C:/Users/Aoba/Desktop/PIT2/Week 3/PIT2_AS3_Starter_2507/Content/Blueprints/BP_Killable.uasset" 993
"C:/Users/Aoba/Desktop/PIT2/Week 3/PIT2_AS3_Starter_2507/Content/Blueprints/BP_Killable.uexp" 994
"C:/Users/Aoba/Desktop/PIT2/Week 3/PIT2_AS3_Starter_2507/Content/Art/BaseMaterial.uasset" 995
"C:/Users/Aoba/Desktop/PIT2/Week 3/PIT2_AS3_Starter_2507/Content/Art/BaseMaterial.uexp" 996
"C:/Users/Aoba/Desktop/PIT2/Week 3/PIT2_AS3_Starter_2507/Content/Blueprints/BP_Player.uasset" 997
"C:/Users/Aoba/Desktop/PIT2/Week 3/PIT2_AS3_Starter_2507/Content/Blueprints/BP_Player.uexp" 998
"C:/Users/Aoba/Desktop/PIT2/Week 3/PIT2_AS3_Starter_2507/Content/Art/WBP_HUD.uasset" 999
"C:/Users/Aoba/Desktop/PIT2/Week 3/PIT2_AS3_Starter_2507/Content/Art/WBP_HUD.uexp" 1000
"C:/Users/Aoba/Desktop/PIT2/Week 3/PIT2_AS3_Starter_2507/Content/Blueprints/BP_HUD.uasset" 1001
"C:/Users/Aoba/Desktop/PIT2/Week 3/PIT2_AS3_Starter_2507/Content/Blueprints/BP_HUD.uexp" 1002
"C:/Users/Aoba/Desktop/PIT2/Week 3/PIT2_AS3_Starter_2507/Content/Blueprints/BP_Asteroid.uasset" 1003
"C:/Users/Aoba/Desktop/PIT2/Week 3/PIT2_AS3_Starter_2507/Content/Blueprints/BP_Asteroid.uexp" 1004
"C:/Users/Aoba/Desktop/PIT2/Week 3/PIT2_AS3_Starter_2507/Content/Blueprints/BP_Spawner.uasset" 1005
"C:/Users/Aoba/Desktop/PIT2/Week 3/PIT2_AS3_Starter_2507/Content/Blueprints/BP_Spawner.uexp" 1006
"C:/Users/Aoba/Desktop/PIT2/Week 3/PIT2_AS3_Starter_2507/Content/Input/IA_TogglePaused.uasset" 1007
"C:/Users/Aoba/Desktop/PIT2/Week 3/PIT2_AS3_Starter_2507/Content/Input/IA_TogglePaused.uexp" 1008
"C:/Users/Aoba/Desktop/PIT2/Week 3/PIT2_AS3_Starter_2507/Content/Input/IA_StartGame.uasset" 1009
"C:/Users/Aoba/Desktop/PIT2/Week 3/PIT2_AS3_Starter_2507/Content/Input/IA_StartGame.uexp" 1010
"C:/Users/Aoba/Desktop/PIT2/Week 3/PIT2_AS3_Starter_2507/Content/Input/IMC_Default.uasset" 1011
"C:/Users/Aoba/Desktop/PIT2/Week 3/PIT2_AS3_Starter_2507/Content/Input/IMC_Default.uexp" 1012
"C:/Users/Aoba/Desktop/PIT2/Week 3/PIT2_AS3_Starter_2507/Content/Blueprints/BP_PlayerController.uasset" 1013
"C:/Users/Aoba/Desktop/PIT2/Week 3/PIT2_AS3_Starter_2507/Content/Blueprints/BP_PlayerController.uexp" 1014
"C:/Users/Aoba/Desktop/PIT2/Week 3/PIT2_AS3_Starter_2507/Content/Art/WBP_Countdown.uasset" 1015
"C:/Users/Aoba/Desktop/PIT2/Week 3/PIT2_AS3_Starter_2507/Content/Art/WBP_Countdown.uexp" 1016
"C:/Users/Aoba/Desktop/PIT2/Week 3/PIT2_AS3_Starter_2507/Content/Blueprints/BP_GameMode.uasset" 1017
"C:/Users/Aoba/Desktop/PIT2/Week 3/PIT2_AS3_Starter_2507/Content/Blueprints/BP_GameMode.uexp" 1018
"C:/Users/Aoba/Desktop/PIT2/Week 3/PIT2_AS3_Starter_2507/Content/Art/starry-sky-background-png-twinkling-stars-in-the-night-sky-loop-1920.uasset" 1019
"C:/Users/Aoba/Desktop/PIT2/Week 3/PIT2_AS3_Starter_2507/Content/Art/starry-sky-background-png-twinkling-stars-in-the-night-sky-loop-1920.uexp" 1020
"C:/Users/Aoba/Desktop/PIT2/Week 3/PIT2_AS3_Starter_2507/Content/Art/starry-sky-background-png-twinkling-stars-in-the-night-sky-loop-1920_Mat.uasset" 1021
"C:/Users/Aoba/Desktop/PIT2/Week 3/PIT2_AS3_Starter_2507/Content/Art/starry-sky-background-png-twinkling-stars-in-the-night-sky-loop-1920_Mat.uexp" 1022
"C:/Users/Aoba/Desktop/PIT2/Week 3/PIT2_AS3_Starter_2507/Content/Levels/Level1.uexp" 1023
"C:/Users/Aoba/Desktop/PIT2/Week 3/PIT2_AS3_Starter_2507/Content/Levels/Level1.umap" 1024
"../../../Engine/Content/Maps/Entry_BuiltData.uasset" 1025
"../../../Engine/Content/Maps/Entry_BuiltData.uexp" 1026
"../../../Engine/Content/Maps/Entry.uexp" 1027
"../../../Engine/Content/Maps/Entry.umap" 1028
